#
# There is insufficient memory for the Java Runtime Environment to continue.
# Native memory allocation (malloc) failed to allocate 4096 bytes for AllocateHeap
# Possible reasons:
#   The system is out of physical RAM or swap space
#   The process is running with CompressedOops enabled, and the Java Heap may be blocking the growth of the native heap
# Possible solutions:
#   Reduce memory load on the system
#   Increase physical memory or swap space
#   Check if swap backing store is full
#   Decrease Java heap size (-Xmx/-Xms)
#   Decrease number of Java threads
#   Decrease Java thread stack sizes (-Xss)
#   Set larger code cache with -XX:ReservedCodeCacheSize=
#   JVM is running with Zero Based Compressed Oops mode in which the Java heap is
#     placed in the first 32GB address space. The Java Heap base address is the
#     maximum limit for the native heap growth. Please use -XX:HeapBaseMinAddress
#     to set the Java Heap base and to place the Java Heap above 32GB virtual address.
# This output file may be truncated or incomplete.
#
#  Out of Memory Error (./src/hotspot/share/memory/allocation.cpp:46), pid=3588, tid=7916
#
# JRE version: OpenJDK Runtime Environment Zulu11.41+23-CA (11.0.8+10) (build 11.0.8+10-LTS)
# Java VM: OpenJDK 64-Bit Server VM Zulu11.41+23-CA (11.0.8+10-LTS, mixed mode, tiered, compressed oops, g1 gc, windows-amd64)
# No core dump will be written. Minidumps are not enabled by default on client versions of Windows
#

---------------  S U M M A R Y ------------

Command Line: -XX:TieredStopAtLevel=1 -Xverify:none -Dspring.output.ansi.enabled=always -Dcom.sun.management.jmxremote -Dspring.jmx.enabled=true -Dspring.liveBeansView.mbeanDomain -Dspring.application.admin.enabled=true -javaagent:C:\Program Files\JetBrains\IntelliJ IDEA 2021.3.3\lib\idea_rt.jar=54335:C:\Program Files\JetBrains\IntelliJ IDEA 2021.3.3\bin -Dfile.encoding=UTF-8 backend.project.BackEndApplication

Host: Intel(R) Core(TM) i5-7200U CPU @ 2.50GHz, 4 cores, 11G,  Windows 10 , 64 bit Build 19041 (10.0.19041.1645)
Time: Wed Apr 20 17:43:54 2022 Hora estándar oeste, Sudamérica elapsed time: 2 seconds (0d 0h 0m 2s)

---------------  T H R E A D  ---------------

Current thread (0x00000270dff83800):  GCTaskThread "GC Thread#2" [stack: 0x000000e31d800000,0x000000e31d900000] [id=7916]

Stack: [0x000000e31d800000,0x000000e31d900000]
[error occurred during error reporting (printing stack bounds), id 0xc0000005, EXCEPTION_ACCESS_VIOLATION (0xc0000005) at pc=0x00000270c5f20dad]


[error occurred during error reporting (printing native stack), id 0xc00000fd, EXCEPTION_STACK_OVERFLOW (0xc00000fd) at pc=0x00007ffe8ef6a7b8]


---------------  P R O C E S S  ---------------

Threads class SMR info:
_java_thread_list=0x00000270dfc54ee0, length=14, elements={
0x00000270bbe6f000, 0x00000270df546000, 0x00000270df549000, 0x00000270ded09800,
0x00000270ded0a000, 0x00000270ded0b000, 0x00000270df594800, 0x00000270decbe000,
0x00000270dfc4c800, 0x00000270dfc4d800, 0x00000270dfe36800, 0x00000270e0bde800,
0x00000270e0bdc000, 0x00000270e0bde000
}

Java Threads: ( => current thread )
  0x00000270bbe6f000 JavaThread "main" [_thread_blocked, id=12276, stack(0x000000e31c500000,0x000000e31c600000)]
  0x00000270df546000 JavaThread "Reference Handler" daemon [_thread_blocked, id=2412, stack(0x000000e31cc00000,0x000000e31cd00000)]
  0x00000270df549000 JavaThread "Finalizer" daemon [_thread_blocked, id=15896, stack(0x000000e31cd00000,0x000000e31ce00000)]
  0x00000270ded09800 JavaThread "Signal Dispatcher" daemon [_thread_blocked, id=9348, stack(0x000000e31ce00000,0x000000e31cf00000)]
  0x00000270ded0a000 JavaThread "Attach Listener" daemon [_thread_blocked, id=9264, stack(0x000000e31cf00000,0x000000e31d000000)]
  0x00000270ded0b000 JavaThread "C1 CompilerThread0" daemon [_thread_blocked, id=8020, stack(0x000000e31d000000,0x000000e31d100000)]
  0x00000270df594800 JavaThread "Sweeper thread" daemon [_thread_blocked, id=16076, stack(0x000000e31d100000,0x000000e31d200000)]
  0x00000270decbe000 JavaThread "Common-Cleaner" daemon [_thread_blocked, id=13724, stack(0x000000e31d200000,0x000000e31d300000)]
  0x00000270dfc4c800 JavaThread "Monitor Ctrl-Break" daemon [_thread_in_native, id=11408, stack(0x000000e31d300000,0x000000e31d400000)]
  0x00000270dfc4d800 JavaThread "Service Thread" daemon [_thread_blocked, id=12348, stack(0x000000e31d400000,0x000000e31d500000)]
  0x00000270dfe36800 JavaThread "RMI TCP Accept-0" daemon [_thread_in_native, id=8776, stack(0x000000e31d500000,0x000000e31d600000)]
  0x00000270e0bde800 JavaThread "RMI TCP Connection(1)-192.168.56.1" daemon [_thread_in_native, id=13624, stack(0x000000e31db00000,0x000000e31dc00000)]
  0x00000270e0bdc000 JavaThread "RMI Scheduler(0)" daemon [_thread_blocked, id=6420, stack(0x000000e31dc00000,0x000000e31dd00000)]
  0x00000270e0bde000 JavaThread "background-preinit" [_thread_blocked, id=8672, stack(0x000000e31dd00000,0x000000e31de00000)]

Other Threads:
  0x00000270ded05000 VMThread "VM Thread" [stack: 0x000000e31cb00000,0x000000e31cc00000] [id=12068]
  0x00000270dfe3c000 WatcherThread [stack: 0x000000e31d600000,0x000000e31d700000] [id=13304]
  0x00000270bbe86800 GCTaskThread "GC Thread#0" [stack: 0x000000e31c600000,0x000000e31c700000] [id=15780]
  0x00000270dff83000 GCTaskThread "GC Thread#1" [stack: 0x000000e31d700000,0x000000e31d800000] [id=13096]
=>0x00000270dff83800 GCTaskThread "GC Thread#2" [stack: 0x000000e31d800000,0x000000e31d900000] [id=7916]
  0x00000270dff84800 GCTaskThread "GC Thread#3" [stack: 0x000000e31d900000,0x000000e31da00000] [id=12340]
  0x00000270bbe3e800 ConcurrentGCThread "G1 Main Marker" [stack: 0x000000e31c700000,0x000000e31c800000] [id=11760]
  0x00000270bbec9000 ConcurrentGCThread "G1 Conc#0" [stack: 0x000000e31c800000,0x000000e31c900000] [id=11100]
  0x00000270deb6b800 ConcurrentGCThread "G1 Refine#0" [stack: 0x000000e31c900000,0x000000e31ca00000] [id=13568]
  0x00000270df85a000 ConcurrentGCThread "G1 Refine#1" [stack: 0x000000e31da00000,0x000000e31db00000] [id=15516]
  0x00000270bbf3e800 ConcurrentGCThread "G1 Young RemSet Sampling" [stack: 0x000000e31ca00000,0x000000e31cb00000] [id=9624]

Threads with active compile tasks:

VM state:at safepoint (normal execution)

VM Mutex/Monitor currently owned by a thread:  ([mutex/lock_event])
[0x00000270bbe6de30] Threads_lock - owner thread: 0x00000270ded05000
[0x00000270bbe6c4e0] Heap_lock - owner thread: 0x00000270e0bde000

OutOfMemory and StackOverflow Exception counts:
OutOfMemoryError java_heap_errors=2
LinkageErrors=47

Heap address: 0x0000000741c00000, size: 3044 MB, Compressed Oops mode: Zero based, Oop shift amount: 3
Narrow klass base: 0x0000000800000000, Narrow klass shift: 0
Compressed class space size: 1073741824 Address: 0x0000000800000000

Heap:
 garbage-first heap   total 196608K, used 11335K [0x0000000741c00000, 0x0000000800000000)
  region size 1024K, 4 young (4096K), 2 survivors (2048K)
 Metaspace       used 19801K, capacity 20503K, committed 20608K, reserved 1083392K
  class space    used 2317K, capacity 2587K, committed 2688K, reserved 1048576K
Heap Regions: E=young(eden), S=young(survivor), O=old, HS=humongous(starts), HC=humongous(continues), CS=collection set, F=free, A=archive, TAMS=top-at-mark-start (previous, next)
|   0|0x0000000741c00000, 0x0000000741d00000, 0x0000000741d00000|100%|HS|  |TAMS 0x0000000741d00000, 0x0000000741d00000| Complete 
|   1|0x0000000741d00000, 0x0000000741e00000, 0x0000000741e00000|100%| O|  |TAMS 0x0000000741e00000, 0x0000000741e00000| Untracked 
|   2|0x0000000741e00000, 0x0000000741f00000, 0x0000000741f00000|100%| O|  |TAMS 0x0000000741f00000, 0x0000000741f00000| Untracked 
|   3|0x0000000741f00000, 0x0000000742000000, 0x0000000742000000|100%| O|  |TAMS 0x0000000742000000, 0x0000000742000000| Untracked 
|   4|0x0000000742000000, 0x0000000742100000, 0x0000000742100000|100%| O|  |TAMS 0x0000000742100000, 0x0000000742100000| Untracked 
|   5|0x0000000742100000, 0x0000000742200000, 0x0000000742200000|100%| O|  |TAMS 0x0000000742200000, 0x0000000742200000| Untracked 
|   6|0x0000000742200000, 0x0000000742300000, 0x0000000742300000|100%| O|  |TAMS 0x0000000742300000, 0x0000000742300000| Untracked 
|   7|0x0000000742300000, 0x00000007423fe5e8, 0x0000000742400000| 99%| O|  |TAMS 0x000000074232ee00, 0x0000000742400000| Untracked 
|   8|0x0000000742400000, 0x0000000742400000, 0x0000000742500000|  0%| F|  |TAMS 0x0000000742400000, 0x0000000742400000| Untracked 
|   9|0x0000000742500000, 0x0000000742500000, 0x0000000742600000|  0%| F|  |TAMS 0x0000000742500000, 0x0000000742500000| Untracked 
|  10|0x0000000742600000, 0x0000000742600000, 0x0000000742700000|  0%| F|  |TAMS 0x0000000742600000, 0x0000000742600000| Untracked 
|  11|0x0000000742700000, 0x0000000742700000, 0x0000000742800000|  0%| F|  |TAMS 0x0000000742700000, 0x0000000742700000| Untracked 
|  12|0x0000000742800000, 0x0000000742800000, 0x0000000742900000|  0%| F|  |TAMS 0x0000000742800000, 0x0000000742800000| Untracked 
|  13|0x0000000742900000, 0x0000000742900000, 0x0000000742a00000|  0%| F|  |TAMS 0x0000000742900000, 0x0000000742900000| Untracked 
|  14|0x0000000742a00000, 0x0000000742a00000, 0x0000000742b00000|  0%| F|  |TAMS 0x0000000742a00000, 0x0000000742a00000| Untracked 
|  15|0x0000000742b00000, 0x0000000742b00000, 0x0000000742c00000|  0%| F|  |TAMS 0x0000000742b00000, 0x0000000742b00000| Untracked 
|  16|0x0000000742c00000, 0x0000000742c00000, 0x0000000742d00000|  0%| F|  |TAMS 0x0000000742c00000, 0x0000000742c00000| Untracked 
|  17|0x0000000742d00000, 0x0000000742d00000, 0x0000000742e00000|  0%| F|  |TAMS 0x0000000742d00000, 0x0000000742d00000| Untracked 
|  18|0x0000000742e00000, 0x0000000742e00000, 0x0000000742f00000|  0%| F|  |TAMS 0x0000000742e00000, 0x0000000742e00000| Untracked 
|  19|0x0000000742f00000, 0x0000000742f00000, 0x0000000743000000|  0%| F|  |TAMS 0x0000000742f00000, 0x0000000742f00000| Untracked 
|  20|0x0000000743000000, 0x0000000743000000, 0x0000000743100000|  0%| F|  |TAMS 0x0000000743000000, 0x0000000743000000| Untracked 
|  21|0x0000000743100000, 0x0000000743100000, 0x0000000743200000|  0%| F|  |TAMS 0x0000000743100000, 0x0000000743100000| Untracked 
|  22|0x0000000743200000, 0x0000000743200000, 0x0000000743300000|  0%| F|  |TAMS 0x0000000743200000, 0x0000000743200000| Untracked 
|  23|0x0000000743300000, 0x0000000743300000, 0x0000000743400000|  0%| F|  |TAMS 0x0000000743300000, 0x0000000743300000| Untracked 
|  24|0x0000000743400000, 0x0000000743400000, 0x0000000743500000|  0%| F|  |TAMS 0x0000000743400000, 0x0000000743400000| Untracked 
|  25|0x0000000743500000, 0x0000000743500000, 0x0000000743600000|  0%| F|  |TAMS 0x0000000743500000, 0x0000000743500000| Untracked 
|  26|0x0000000743600000, 0x0000000743600000, 0x0000000743700000|  0%| F|  |TAMS 0x0000000743600000, 0x0000000743600000| Untracked 
|  27|0x0000000743700000, 0x0000000743700000, 0x0000000743800000|  0%| F|  |TAMS 0x0000000743700000, 0x0000000743700000| Untracked 
|  28|0x0000000743800000, 0x0000000743800000, 0x0000000743900000|  0%| F|  |TAMS 0x0000000743800000, 0x0000000743800000| Untracked 
|  29|0x0000000743900000, 0x0000000743900000, 0x0000000743a00000|  0%| F|  |TAMS 0x0000000743900000, 0x0000000743900000| Untracked 
|  30|0x0000000743a00000, 0x0000000743a00000, 0x0000000743b00000|  0%| F|  |TAMS 0x0000000743a00000, 0x0000000743a00000| Untracked 
|  31|0x0000000743b00000, 0x0000000743b00000, 0x0000000743c00000|  0%| F|  |TAMS 0x0000000743b00000, 0x0000000743b00000| Untracked 
|  32|0x0000000743c00000, 0x0000000743c00000, 0x0000000743d00000|  0%| F|  |TAMS 0x0000000743c00000, 0x0000000743c00000| Untracked 
|  33|0x0000000743d00000, 0x0000000743d00000, 0x0000000743e00000|  0%| F|  |TAMS 0x0000000743d00000, 0x0000000743d00000| Untracked 
|  34|0x0000000743e00000, 0x0000000743e00000, 0x0000000743f00000|  0%| F|  |TAMS 0x0000000743e00000, 0x0000000743e00000| Untracked 
|  35|0x0000000743f00000, 0x0000000743f00000, 0x0000000744000000|  0%| F|  |TAMS 0x0000000743f00000, 0x0000000743f00000| Untracked 
|  36|0x0000000744000000, 0x0000000744000000, 0x0000000744100000|  0%| F|  |TAMS 0x0000000744000000, 0x0000000744000000| Untracked 
|  37|0x0000000744100000, 0x0000000744100000, 0x0000000744200000|  0%| F|  |TAMS 0x0000000744100000, 0x0000000744100000| Untracked 
|  38|0x0000000744200000, 0x0000000744200000, 0x0000000744300000|  0%| F|  |TAMS 0x0000000744200000, 0x0000000744200000| Untracked 
|  39|0x0000000744300000, 0x0000000744300000, 0x0000000744400000|  0%| F|  |TAMS 0x0000000744300000, 0x0000000744300000| Untracked 
|  40|0x0000000744400000, 0x0000000744400000, 0x0000000744500000|  0%| F|  |TAMS 0x0000000744400000, 0x0000000744400000| Untracked 
|  41|0x0000000744500000, 0x0000000744500000, 0x0000000744600000|  0%| F|  |TAMS 0x0000000744500000, 0x0000000744500000| Untracked 
|  42|0x0000000744600000, 0x0000000744600000, 0x0000000744700000|  0%| F|  |TAMS 0x0000000744600000, 0x0000000744600000| Untracked 
|  43|0x0000000744700000, 0x0000000744700000, 0x0000000744800000|  0%| F|  |TAMS 0x0000000744700000, 0x0000000744700000| Untracked 
|  44|0x0000000744800000, 0x0000000744800000, 0x0000000744900000|  0%| F|  |TAMS 0x0000000744800000, 0x0000000744800000| Untracked 
|  45|0x0000000744900000, 0x0000000744900000, 0x0000000744a00000|  0%| F|  |TAMS 0x0000000744900000, 0x0000000744900000| Untracked 
|  46|0x0000000744a00000, 0x0000000744a00000, 0x0000000744b00000|  0%| F|  |TAMS 0x0000000744a00000, 0x0000000744a00000| Untracked 
|  47|0x0000000744b00000, 0x0000000744b00000, 0x0000000744c00000|  0%| F|  |TAMS 0x0000000744b00000, 0x0000000744b00000| Untracked 
|  48|0x0000000744c00000, 0x0000000744c00000, 0x0000000744d00000|  0%| F|  |TAMS 0x0000000744c00000, 0x0000000744c00000| Untracked 
|  49|0x0000000744d00000, 0x0000000744d00000, 0x0000000744e00000|  0%| F|  |TAMS 0x0000000744d00000, 0x0000000744d00000| Untracked 
|  50|0x0000000744e00000, 0x0000000744e00000, 0x0000000744f00000|  0%| F|  |TAMS 0x0000000744e00000, 0x0000000744e00000| Untracked 
|  51|0x0000000744f00000, 0x0000000744f00000, 0x0000000745000000|  0%| F|  |TAMS 0x0000000744f00000, 0x0000000744f00000| Untracked 
|  52|0x0000000745000000, 0x0000000745000000, 0x0000000745100000|  0%| F|  |TAMS 0x0000000745000000, 0x0000000745000000| Untracked 
|  53|0x0000000745100000, 0x0000000745100000, 0x0000000745200000|  0%| F|  |TAMS 0x0000000745100000, 0x0000000745100000| Untracked 
|  54|0x0000000745200000, 0x0000000745200000, 0x0000000745300000|  0%| F|  |TAMS 0x0000000745200000, 0x0000000745200000| Untracked 
|  55|0x0000000745300000, 0x0000000745300000, 0x0000000745400000|  0%| F|  |TAMS 0x0000000745300000, 0x0000000745300000| Untracked 
|  56|0x0000000745400000, 0x0000000745400000, 0x0000000745500000|  0%| F|  |TAMS 0x0000000745400000, 0x0000000745400000| Untracked 
|  57|0x0000000745500000, 0x0000000745500000, 0x0000000745600000|  0%| F|  |TAMS 0x0000000745500000, 0x0000000745500000| Untracked 
|  58|0x0000000745600000, 0x0000000745600000, 0x0000000745700000|  0%| F|  |TAMS 0x0000000745600000, 0x0000000745600000| Untracked 
|  59|0x0000000745700000, 0x0000000745700000, 0x0000000745800000|  0%| F|  |TAMS 0x0000000745700000, 0x0000000745700000| Untracked 
|  60|0x0000000745800000, 0x0000000745800000, 0x0000000745900000|  0%| F|  |TAMS 0x0000000745800000, 0x0000000745800000| Untracked 
|  61|0x0000000745900000, 0x0000000745900000, 0x0000000745a00000|  0%| F|  |TAMS 0x0000000745900000, 0x0000000745900000| Untracked 
|  62|0x0000000745a00000, 0x0000000745a00000, 0x0000000745b00000|  0%| F|  |TAMS 0x0000000745a00000, 0x0000000745a00000| Untracked 
|  63|0x0000000745b00000, 0x0000000745b00000, 0x0000000745c00000|  0%| F|  |TAMS 0x0000000745b00000, 0x0000000745b00000| Untracked 
|  64|0x0000000745c00000, 0x0000000745c00000, 0x0000000745d00000|  0%| F|  |TAMS 0x0000000745c00000, 0x0000000745c00000| Untracked 
|  65|0x0000000745d00000, 0x0000000745d00000, 0x0000000745e00000|  0%| F|  |TAMS 0x0000000745d00000, 0x0000000745d00000| Untracked 
|  66|0x0000000745e00000, 0x0000000745e00000, 0x0000000745f00000|  0%| F|  |TAMS 0x0000000745e00000, 0x0000000745e00000| Untracked 
|  67|0x0000000745f00000, 0x0000000745f00000, 0x0000000746000000|  0%| F|  |TAMS 0x0000000745f00000, 0x0000000745f00000| Untracked 
|  68|0x0000000746000000, 0x0000000746000000, 0x0000000746100000|  0%| F|  |TAMS 0x0000000746000000, 0x0000000746000000| Untracked 
|  69|0x0000000746100000, 0x0000000746100000, 0x0000000746200000|  0%| F|  |TAMS 0x0000000746100000, 0x0000000746100000| Untracked 
|  70|0x0000000746200000, 0x0000000746200000, 0x0000000746300000|  0%| F|  |TAMS 0x0000000746200000, 0x0000000746200000| Untracked 
|  71|0x0000000746300000, 0x0000000746300000, 0x0000000746400000|  0%| F|  |TAMS 0x0000000746300000, 0x0000000746300000| Untracked 
|  72|0x0000000746400000, 0x0000000746400000, 0x0000000746500000|  0%| F|  |TAMS 0x0000000746400000, 0x0000000746400000| Untracked 
|  73|0x0000000746500000, 0x0000000746500000, 0x0000000746600000|  0%| F|  |TAMS 0x0000000746500000, 0x0000000746500000| Untracked 
|  74|0x0000000746600000, 0x0000000746600000, 0x0000000746700000|  0%| F|  |TAMS 0x0000000746600000, 0x0000000746600000| Untracked 
|  75|0x0000000746700000, 0x0000000746700000, 0x0000000746800000|  0%| F|  |TAMS 0x0000000746700000, 0x0000000746700000| Untracked 
|  76|0x0000000746800000, 0x0000000746800000, 0x0000000746900000|  0%| F|  |TAMS 0x0000000746800000, 0x0000000746800000| Untracked 
|  77|0x0000000746900000, 0x0000000746900000, 0x0000000746a00000|  0%| F|  |TAMS 0x0000000746900000, 0x0000000746900000| Untracked 
|  78|0x0000000746a00000, 0x0000000746a00000, 0x0000000746b00000|  0%| F|  |TAMS 0x0000000746a00000, 0x0000000746a00000| Untracked 
|  79|0x0000000746b00000, 0x0000000746b00000, 0x0000000746c00000|  0%| F|  |TAMS 0x0000000746b00000, 0x0000000746b00000| Untracked 
|  80|0x0000000746c00000, 0x0000000746c00000, 0x0000000746d00000|  0%| F|  |TAMS 0x0000000746c00000, 0x0000000746c00000| Untracked 
|  81|0x0000000746d00000, 0x0000000746d00000, 0x0000000746e00000|  0%| F|  |TAMS 0x0000000746d00000, 0x0000000746d00000| Untracked 
|  82|0x0000000746e00000, 0x0000000746e00000, 0x0000000746f00000|  0%| F|  |TAMS 0x0000000746e00000, 0x0000000746e00000| Untracked 
|  83|0x0000000746f00000, 0x0000000746f00000, 0x0000000747000000|  0%| F|  |TAMS 0x0000000746f00000, 0x0000000746f00000| Untracked 
|  84|0x0000000747000000, 0x0000000747000000, 0x0000000747100000|  0%| F|  |TAMS 0x0000000747000000, 0x0000000747000000| Untracked 
|  85|0x0000000747100000, 0x0000000747100000, 0x0000000747200000|  0%| F|  |TAMS 0x0000000747100000, 0x0000000747100000| Untracked 
|  86|0x0000000747200000, 0x0000000747200000, 0x0000000747300000|  0%| F|  |TAMS 0x0000000747200000, 0x0000000747200000| Untracked 
|  87|0x0000000747300000, 0x0000000747300000, 0x0000000747400000|  0%| F|  |TAMS 0x0000000747300000, 0x0000000747300000| Untracked 
|  88|0x0000000747400000, 0x0000000747400000, 0x0000000747500000|  0%| F|  |TAMS 0x0000000747400000, 0x0000000747400000| Untracked 
|  89|0x0000000747500000, 0x0000000747500000, 0x0000000747600000|  0%| F|  |TAMS 0x0000000747500000, 0x0000000747500000| Untracked 
|  90|0x0000000747600000, 0x0000000747600000, 0x0000000747700000|  0%| F|  |TAMS 0x0000000747600000, 0x0000000747600000| Untracked 
|  91|0x0000000747700000, 0x0000000747700000, 0x0000000747800000|  0%| F|  |TAMS 0x0000000747700000, 0x0000000747700000| Untracked 
|  92|0x0000000747800000, 0x0000000747800000, 0x0000000747900000|  0%| F|  |TAMS 0x0000000747800000, 0x0000000747800000| Untracked 
|  93|0x0000000747900000, 0x0000000747900000, 0x0000000747a00000|  0%| F|  |TAMS 0x0000000747900000, 0x0000000747900000| Untracked 
|  94|0x0000000747a00000, 0x0000000747a00000, 0x0000000747b00000|  0%| F|  |TAMS 0x0000000747a00000, 0x0000000747a00000| Untracked 
|  95|0x0000000747b00000, 0x0000000747b00000, 0x0000000747c00000|  0%| F|  |TAMS 0x0000000747b00000, 0x0000000747b00000| Untracked 
|  96|0x0000000747c00000, 0x0000000747c00000, 0x0000000747d00000|  0%| F|  |TAMS 0x0000000747c00000, 0x0000000747c00000| Untracked 
|  97|0x0000000747d00000, 0x0000000747d00000, 0x0000000747e00000|  0%| F|  |TAMS 0x0000000747d00000, 0x0000000747d00000| Untracked 
|  98|0x0000000747e00000, 0x0000000747e00000, 0x0000000747f00000|  0%| F|  |TAMS 0x0000000747e00000, 0x0000000747e00000| Untracked 
|  99|0x0000000747f00000, 0x0000000747f00000, 0x0000000748000000|  0%| F|  |TAMS 0x0000000747f00000, 0x0000000747f00000| Untracked 
| 100|0x0000000748000000, 0x0000000748000000, 0x0000000748100000|  0%| F|  |TAMS 0x0000000748000000, 0x0000000748000000| Untracked 
| 101|0x0000000748100000, 0x0000000748100000, 0x0000000748200000|  0%| F|  |TAMS 0x0000000748100000, 0x0000000748100000| Untracked 
| 102|0x0000000748200000, 0x0000000748200000, 0x0000000748300000|  0%| F|  |TAMS 0x0000000748200000, 0x0000000748200000| Untracked 
| 103|0x0000000748300000, 0x0000000748300000, 0x0000000748400000|  0%| F|  |TAMS 0x0000000748300000, 0x0000000748300000| Untracked 
| 104|0x0000000748400000, 0x0000000748400000, 0x0000000748500000|  0%| F|  |TAMS 0x0000000748400000, 0x0000000748400000| Untracked 
| 105|0x0000000748500000, 0x0000000748500000, 0x0000000748600000|  0%| F|  |TAMS 0x0000000748500000, 0x0000000748500000| Untracked 
| 106|0x0000000748600000, 0x0000000748600000, 0x0000000748700000|  0%| F|  |TAMS 0x0000000748600000, 0x0000000748600000| Untracked 
| 107|0x0000000748700000, 0x0000000748700000, 0x0000000748800000|  0%| F|  |TAMS 0x0000000748700000, 0x0000000748700000| Untracked 
| 108|0x0000000748800000, 0x0000000748800000, 0x0000000748900000|  0%| F|  |TAMS 0x0000000748800000, 0x0000000748800000| Untracked 
| 109|0x0000000748900000, 0x0000000748900000, 0x0000000748a00000|  0%| F|  |TAMS 0x0000000748900000, 0x0000000748900000| Untracked 
| 110|0x0000000748a00000, 0x0000000748a00000, 0x0000000748b00000|  0%| F|  |TAMS 0x0000000748a00000, 0x0000000748a00000| Untracked 
| 111|0x0000000748b00000, 0x0000000748b00000, 0x0000000748c00000|  0%| F|  |TAMS 0x0000000748b00000, 0x0000000748b00000| Untracked 
| 112|0x0000000748c00000, 0x0000000748c00000, 0x0000000748d00000|  0%| F|  |TAMS 0x0000000748c00000, 0x0000000748c00000| Untracked 
| 113|0x0000000748d00000, 0x0000000748d00000, 0x0000000748e00000|  0%| F|  |TAMS 0x0000000748d00000, 0x0000000748d00000| Untracked 
| 114|0x0000000748e00000, 0x0000000748e00000, 0x0000000748f00000|  0%| F|  |TAMS 0x0000000748e00000, 0x0000000748e00000| Untracked 
| 115|0x0000000748f00000, 0x0000000748f00000, 0x0000000749000000|  0%| F|  |TAMS 0x0000000748f00000, 0x0000000748f00000| Untracked 
| 116|0x0000000749000000, 0x0000000749000000, 0x0000000749100000|  0%| F|  |TAMS 0x0000000749000000, 0x0000000749000000| Untracked 
| 117|0x0000000749100000, 0x0000000749100000, 0x0000000749200000|  0%| F|  |TAMS 0x0000000749100000, 0x0000000749100000| Untracked 
| 118|0x0000000749200000, 0x0000000749200000, 0x0000000749300000|  0%| F|  |TAMS 0x0000000749200000, 0x0000000749200000| Untracked 
| 119|0x0000000749300000, 0x0000000749300000, 0x0000000749400000|  0%| F|  |TAMS 0x0000000749300000, 0x0000000749300000| Untracked 
| 120|0x0000000749400000, 0x0000000749400000, 0x0000000749500000|  0%| F|  |TAMS 0x0000000749400000, 0x0000000749400000| Untracked 
| 121|0x0000000749500000, 0x0000000749500000, 0x0000000749600000|  0%| F|  |TAMS 0x0000000749500000, 0x0000000749500000| Untracked 
| 122|0x0000000749600000, 0x0000000749600000, 0x0000000749700000|  0%| F|  |TAMS 0x0000000749600000, 0x0000000749600000| Untracked 
| 123|0x0000000749700000, 0x0000000749700000, 0x0000000749800000|  0%| F|  |TAMS 0x0000000749700000, 0x0000000749700000| Untracked 
| 124|0x0000000749800000, 0x0000000749800000, 0x0000000749900000|  0%| F|  |TAMS 0x0000000749800000, 0x0000000749800000| Untracked 
| 125|0x0000000749900000, 0x0000000749900000, 0x0000000749a00000|  0%| F|  |TAMS 0x0000000749900000, 0x0000000749900000| Untracked 
| 126|0x0000000749a00000, 0x0000000749a00000, 0x0000000749b00000|  0%| F|  |TAMS 0x0000000749a00000, 0x0000000749a00000| Untracked 
| 127|0x0000000749b00000, 0x0000000749b00000, 0x0000000749c00000|  0%| F|  |TAMS 0x0000000749b00000, 0x0000000749b00000| Untracked 
| 128|0x0000000749c00000, 0x0000000749c00000, 0x0000000749d00000|  0%| F|  |TAMS 0x0000000749c00000, 0x0000000749c00000| Untracked 
| 129|0x0000000749d00000, 0x0000000749d00000, 0x0000000749e00000|  0%| F|  |TAMS 0x0000000749d00000, 0x0000000749d00000| Untracked 
| 130|0x0000000749e00000, 0x0000000749e00000, 0x0000000749f00000|  0%| F|  |TAMS 0x0000000749e00000, 0x0000000749e00000| Untracked 
| 131|0x0000000749f00000, 0x0000000749f00000, 0x000000074a000000|  0%| F|  |TAMS 0x0000000749f00000, 0x0000000749f00000| Untracked 
| 132|0x000000074a000000, 0x000000074a000000, 0x000000074a100000|  0%| F|  |TAMS 0x000000074a000000, 0x000000074a000000| Untracked 
| 133|0x000000074a100000, 0x000000074a100000, 0x000000074a200000|  0%| F|  |TAMS 0x000000074a100000, 0x000000074a100000| Untracked 
| 134|0x000000074a200000, 0x000000074a200000, 0x000000074a300000|  0%| F|  |TAMS 0x000000074a200000, 0x000000074a200000| Untracked 
| 135|0x000000074a300000, 0x000000074a300000, 0x000000074a400000|  0%| F|  |TAMS 0x000000074a300000, 0x000000074a300000| Untracked 
| 136|0x000000074a400000, 0x000000074a400000, 0x000000074a500000|  0%| F|  |TAMS 0x000000074a400000, 0x000000074a400000| Untracked 
| 137|0x000000074a500000, 0x000000074a500000, 0x000000074a600000|  0%| F|  |TAMS 0x000000074a500000, 0x000000074a500000| Untracked 
| 138|0x000000074a600000, 0x000000074a600000, 0x000000074a700000|  0%| F|  |TAMS 0x000000074a600000, 0x000000074a600000| Untracked 
| 139|0x000000074a700000, 0x000000074a700000, 0x000000074a800000|  0%| F|  |TAMS 0x000000074a700000, 0x000000074a700000| Untracked 
| 140|0x000000074a800000, 0x000000074a800000, 0x000000074a900000|  0%| F|  |TAMS 0x000000074a800000, 0x000000074a800000| Untracked 
| 141|0x000000074a900000, 0x000000074a900000, 0x000000074aa00000|  0%| F|  |TAMS 0x000000074a900000, 0x000000074a900000| Untracked 
| 142|0x000000074aa00000, 0x000000074aa00000, 0x000000074ab00000|  0%| F|  |TAMS 0x000000074aa00000, 0x000000074aa00000| Untracked 
| 143|0x000000074ab00000, 0x000000074ab00000, 0x000000074ac00000|  0%| F|  |TAMS 0x000000074ab00000, 0x000000074ab00000| Untracked 
| 144|0x000000074ac00000, 0x000000074ac00000, 0x000000074ad00000|  0%| F|  |TAMS 0x000000074ac00000, 0x000000074ac00000| Untracked 
| 145|0x000000074ad00000, 0x000000074ad00000, 0x000000074ae00000|  0%| F|  |TAMS 0x000000074ad00000, 0x000000074ad00000| Untracked 
| 146|0x000000074ae00000, 0x000000074ae00000, 0x000000074af00000|  0%| F|  |TAMS 0x000000074ae00000, 0x000000074ae00000| Untracked 
| 147|0x000000074af00000, 0x000000074af00000, 0x000000074b000000|  0%| F|  |TAMS 0x000000074af00000, 0x000000074af00000| Untracked 
| 148|0x000000074b000000, 0x000000074b000000, 0x000000074b100000|  0%| F|  |TAMS 0x000000074b000000, 0x000000074b000000| Untracked 
| 149|0x000000074b100000, 0x000000074b100000, 0x000000074b200000|  0%| F|  |TAMS 0x000000074b100000, 0x000000074b100000| Untracked 
| 150|0x000000074b200000, 0x000000074b200000, 0x000000074b300000|  0%| F|  |TAMS 0x000000074b200000, 0x000000074b200000| Untracked 
| 151|0x000000074b300000, 0x000000074b300000, 0x000000074b400000|  0%| F|  |TAMS 0x000000074b300000, 0x000000074b300000| Untracked 
| 152|0x000000074b400000, 0x000000074b400000, 0x000000074b500000|  0%| F|  |TAMS 0x000000074b400000, 0x000000074b400000| Untracked 
| 153|0x000000074b500000, 0x000000074b500000, 0x000000074b600000|  0%| F|  |TAMS 0x000000074b500000, 0x000000074b500000| Untracked 
| 154|0x000000074b600000, 0x000000074b600000, 0x000000074b700000|  0%| F|  |TAMS 0x000000074b600000, 0x000000074b600000| Untracked 
| 155|0x000000074b700000, 0x000000074b700000, 0x000000074b800000|  0%| F|  |TAMS 0x000000074b700000, 0x000000074b700000| Untracked 
| 156|0x000000074b800000, 0x000000074b800000, 0x000000074b900000|  0%| F|  |TAMS 0x000000074b800000, 0x000000074b800000| Untracked 
| 157|0x000000074b900000, 0x000000074b900000, 0x000000074ba00000|  0%| F|  |TAMS 0x000000074b900000, 0x000000074b900000| Untracked 
| 158|0x000000074ba00000, 0x000000074ba00000, 0x000000074bb00000|  0%| F|  |TAMS 0x000000074ba00000, 0x000000074ba00000| Untracked 
| 159|0x000000074bb00000, 0x000000074bb00000, 0x000000074bc00000|  0%| F|  |TAMS 0x000000074bb00000, 0x000000074bb00000| Untracked 
| 160|0x000000074bc00000, 0x000000074bc00000, 0x000000074bd00000|  0%| F|  |TAMS 0x000000074bc00000, 0x000000074bc00000| Untracked 
| 161|0x000000074bd00000, 0x000000074bd00000, 0x000000074be00000|  0%| F|  |TAMS 0x000000074bd00000, 0x000000074bd00000| Untracked 
| 162|0x000000074be00000, 0x000000074be00000, 0x000000074bf00000|  0%| F|  |TAMS 0x000000074be00000, 0x000000074be00000| Untracked 
| 163|0x000000074bf00000, 0x000000074bf00000, 0x000000074c000000|  0%| F|  |TAMS 0x000000074bf00000, 0x000000074bf00000| Untracked 
| 164|0x000000074c000000, 0x000000074c000000, 0x000000074c100000|  0%| F|  |TAMS 0x000000074c000000, 0x000000074c000000| Untracked 
| 165|0x000000074c100000, 0x000000074c100000, 0x000000074c200000|  0%| F|  |TAMS 0x000000074c100000, 0x000000074c100000| Untracked 
| 166|0x000000074c200000, 0x000000074c200000, 0x000000074c300000|  0%| F|  |TAMS 0x000000074c200000, 0x000000074c200000| Untracked 
| 167|0x000000074c300000, 0x000000074c300000, 0x000000074c400000|  0%| F|  |TAMS 0x000000074c300000, 0x000000074c300000| Untracked 
| 168|0x000000074c400000, 0x000000074c400000, 0x000000074c500000|  0%| F|  |TAMS 0x000000074c400000, 0x000000074c400000| Untracked 
| 169|0x000000074c500000, 0x000000074c500000, 0x000000074c600000|  0%| F|  |TAMS 0x000000074c500000, 0x000000074c500000| Untracked 
| 170|0x000000074c600000, 0x000000074c600000, 0x000000074c700000|  0%| F|  |TAMS 0x000000074c600000, 0x000000074c600000| Untracked 
| 171|0x000000074c700000, 0x000000074c700000, 0x000000074c800000|  0%| F|  |TAMS 0x000000074c700000, 0x000000074c700000| Untracked 
| 172|0x000000074c800000, 0x000000074c800000, 0x000000074c900000|  0%| F|  |TAMS 0x000000074c800000, 0x000000074c800000| Untracked 
| 173|0x000000074c900000, 0x000000074c900000, 0x000000074ca00000|  0%| F|  |TAMS 0x000000074c900000, 0x000000074c900000| Untracked 
| 174|0x000000074ca00000, 0x000000074ca00000, 0x000000074cb00000|  0%| F|  |TAMS 0x000000074ca00000, 0x000000074ca00000| Untracked 
| 175|0x000000074cb00000, 0x000000074cb00000, 0x000000074cc00000|  0%| F|  |TAMS 0x000000074cb00000, 0x000000074cb00000| Untracked 
| 176|0x000000074cc00000, 0x000000074cc00000, 0x000000074cd00000|  0%| F|  |TAMS 0x000000074cc00000, 0x000000074cc00000| Untracked 
| 177|0x000000074cd00000, 0x000000074cd00000, 0x000000074ce00000|  0%| F|  |TAMS 0x000000074cd00000, 0x000000074cd00000| Untracked 
| 178|0x000000074ce00000, 0x000000074ce00000, 0x000000074cf00000|  0%| F|  |TAMS 0x000000074ce00000, 0x000000074ce00000| Untracked 
| 179|0x000000074cf00000, 0x000000074cf00000, 0x000000074d000000|  0%| F|  |TAMS 0x000000074cf00000, 0x000000074cf00000| Untracked 
| 180|0x000000074d000000, 0x000000074d000000, 0x000000074d100000|  0%| F|  |TAMS 0x000000074d000000, 0x000000074d000000| Untracked 
| 181|0x000000074d100000, 0x000000074d100000, 0x000000074d200000|  0%| F|  |TAMS 0x000000074d100000, 0x000000074d100000| Untracked 
| 182|0x000000074d200000, 0x000000074d200000, 0x000000074d300000|  0%| F|  |TAMS 0x000000074d200000, 0x000000074d200000| Untracked 
| 183|0x000000074d300000, 0x000000074d300000, 0x000000074d400000|  0%| F|  |TAMS 0x000000074d300000, 0x000000074d300000| Untracked 
| 184|0x000000074d400000, 0x000000074d4b4638, 0x000000074d500000| 70%| E|CS|TAMS 0x000000074d400000, 0x000000074d4b4638| Complete 
| 185|0x000000074d500000, 0x000000074d600000, 0x000000074d600000|100%| E|CS|TAMS 0x000000074d500000, 0x000000074d600000| Complete 
| 186|0x000000074d600000, 0x000000074d700000, 0x000000074d700000|100%| E|CS|TAMS 0x000000074d600000, 0x000000074d700000| Complete 
| 187|0x000000074d700000, 0x000000074d700000, 0x000000074d800000|  0%| F|  |TAMS 0x000000074d700000, 0x000000074d700000| Untracked 
| 188|0x000000074d800000, 0x000000074d8f5800, 0x000000074d900000| 95%| S|  |TAMS 0x000000074d800000, 0x000000074d800000| Complete 
| 189|0x000000074d900000, 0x000000074da00000, 0x000000074da00000|100%| S|  |TAMS 0x000000074d900000, 0x000000074d900000| Complete 
| 190|0x000000074da00000, 0x000000074da2e988, 0x000000074db00000| 18%| E|CS|TAMS 0x000000074da00000, 0x000000074da2e988| Complete 
| 191|0x000000074db00000, 0x000000074dc00000, 0x000000074dc00000|100%| E|CS|TAMS 0x000000074db00000, 0x000000074dc00000| Complete 

Card table byte_map: [0x00000270d5b40000,0x00000270d6140000] _byte_map_base: 0x00000270d2132000

Marking Bits (Prev, Next): (CMBitMap*) 0x00000270bbe3dc30, (CMBitMap*) 0x00000270bbe3dbf8
 Prev Bits: [0x00000270d96d0000, 0x00000270dc660000)
 Next Bits: [0x00000270d6740000, 0x00000270d96d0000)

Polling page: 0x00000270bbd00000

Metaspace:

Usage:
  Non-class:     17.50 MB capacity,    17.07 MB ( 98%) used,   361.60 KB (  2%) free+waste,    70.88 KB ( <1%) overhead. 
      Class:      2.53 MB capacity,     2.26 MB ( 90%) used,   232.77 KB (  9%) free+waste,    36.38 KB (  1%) overhead. 
       Both:     20.02 MB capacity,    19.34 MB ( 97%) used,   594.38 KB (  3%) free+waste,   107.25 KB ( <1%) overhead. 

Virtual space:
  Non-class space:       34.00 MB reserved,      17.50 MB ( 51%) committed 
      Class space:        1.00 GB reserved,       2.63 MB ( <1%) committed 
             Both:        1.03 GB reserved,      20.13 MB (  2%) committed 

Chunk freelists:
   Non-Class:  4.00 KB
       Class:  5.00 KB
        Both:  9.00 KB

MaxMetaspaceSize: 17179869184.00 GB
CompressedClassSpaceSize: 1.00 GB

CodeHeap 'non-profiled nmethods': size=238912Kb used=2677Kb max_used=2677Kb free=236234Kb
 bounds [0x00000270c65d0000, 0x00000270c6870000, 0x00000270d4f20000]
CodeHeap 'non-nmethods': size=6848Kb used=1137Kb max_used=1137Kb free=5710Kb
 bounds [0x00000270c5f20000, 0x00000270c6190000, 0x00000270c65d0000]
 total_blobs=2350 nmethods=1889 adapters=387
 compilation: enabled
              stopped_count=0, restarted_count=0
 full_count=0

Compilation events (20 events):
Event: 2.377 Thread 0x00000270ded0b000 1880       1       java.lang.ClassLoader::addClass (9 bytes)
Event: 2.377 Thread 0x00000270ded0b000 nmethod 1880 0x00000270c6869310 code [0x00000270c68694e0, 0x00000270c6869998]
Event: 2.394 Thread 0x00000270ded0b000 1881       1       java.lang.Character::charCount (12 bytes)
Event: 2.395 Thread 0x00000270ded0b000 nmethod 1881 0x00000270c6869c90 code [0x00000270c6869e40, 0x00000270c6869ef8]
Event: 2.395 Thread 0x00000270ded0b000 1883       1       java.util.regex.Pattern::peek (26 bytes)
Event: 2.395 Thread 0x00000270ded0b000 nmethod 1883 0x00000270c6869f90 code [0x00000270c686a140, 0x00000270c686a268]
Event: 2.395 Thread 0x00000270ded0b000 1882       1       java.lang.String::codePointAt (50 bytes)
Event: 2.395 Thread 0x00000270ded0b000 nmethod 1882 0x00000270c686a390 code [0x00000270c686a560, 0x00000270c686a728]
Event: 2.395 Thread 0x00000270ded0b000 1884       1       sun.util.locale.InternalLocaleBuilder::setExtensions (206 bytes)
Event: 2.397 Thread 0x00000270ded0b000 nmethod 1884 0x00000270c686a890 code [0x00000270c686abc0, 0x00000270c686b778]
Event: 2.397 Thread 0x00000270ded0b000 1885       1       sun.util.locale.BaseLocale$Key::equals (109 bytes)
Event: 2.397 Thread 0x00000270ded0b000 nmethod 1885 0x00000270c686be10 code [0x00000270c686c020, 0x00000270c686c458]
Event: 2.397 Thread 0x00000270ded0b000 1886       1       java.util.Locale::equals (75 bytes)
Event: 2.397 Thread 0x00000270ded0b000 nmethod 1886 0x00000270c686c690 code [0x00000270c686c860, 0x00000270c686cb38]
Event: 2.397 Thread 0x00000270ded0b000 1887       1       java.util.Locale::hasExtensions (13 bytes)
Event: 2.397 Thread 0x00000270ded0b000 nmethod 1887 0x00000270c686cc90 code [0x00000270c686ce40, 0x00000270c686cf18]
Event: 2.398 Thread 0x00000270ded0b000 1888       1       sun.util.locale.BaseLocale::equals (71 bytes)
Event: 2.398 Thread 0x00000270ded0b000 nmethod 1888 0x00000270c686cf90 code [0x00000270c686d140, 0x00000270c686d338]
Event: 2.398 Thread 0x00000270ded0b000 1889       1       java.util.Locale::stripExtensions (20 bytes)
Event: 2.398 Thread 0x00000270ded0b000 nmethod 1889 0x00000270c686d410 code [0x00000270c686d5c0, 0x00000270c686d6e8]

GC Heap History (9 events):
Event: 1.436 GC heap before
{Heap before GC invocations=0 (full 0):
 garbage-first heap   total 196608K, used 14336K [0x0000000741c00000, 0x0000000800000000)
  region size 1024K, 14 young (14336K), 0 survivors (0K)
 Metaspace       used 12308K, capacity 12541K, committed 12672K, reserved 1060864K
  class space    used 1267K, capacity 1371K, committed 1408K, reserved 1048576K
}
Event: 1.444 GC heap after
{Heap after GC invocations=1 (full 0):
 garbage-first heap   total 196608K, used 7283K [0x0000000741c00000, 0x0000000800000000)
  region size 1024K, 2 young (2048K), 2 survivors (2048K)
 Metaspace       used 12308K, capacity 12541K, committed 12672K, reserved 1060864K
  class space    used 1267K, capacity 1371K, committed 1408K, reserved 1048576K
}
Event: 1.676 GC heap before
{Heap before GC invocations=1 (full 0):
 garbage-first heap   total 196608K, used 13427K [0x0000000741c00000, 0x0000000800000000)
  region size 1024K, 9 young (9216K), 2 survivors (2048K)
 Metaspace       used 13897K, capacity 14246K, committed 14464K, reserved 1062912K
  class space    used 1451K, capacity 1560K, committed 1664K, reserved 1048576K
}
Event: 1.681 GC heap after
{Heap after GC invocations=2 (full 0):
 garbage-first heap   total 196608K, used 8266K [0x0000000741c00000, 0x0000000800000000)
  region size 1024K, 1 young (1024K), 1 survivors (1024K)
 Metaspace       used 13897K, capacity 14246K, committed 14464K, reserved 1062912K
  class space    used 1451K, capacity 1560K, committed 1664K, reserved 1048576K
}
Event: 2.319 GC heap before
{Heap before GC invocations=2 (full 0):
 garbage-first heap   total 196608K, used 29770K [0x0000000741c00000, 0x0000000800000000)
  region size 1024K, 22 young (22528K), 1 survivors (1024K)
 Metaspace       used 18916K, capacity 19592K, committed 19712K, reserved 1067008K
  class space    used 2211K, capacity 2475K, committed 2560K, reserved 1048576K
}
Event: 2.324 GC heap after
{Heap after GC invocations=3 (full 0):
 garbage-first heap   total 196608K, used 9885K [0x0000000741c00000, 0x0000000800000000)
  region size 1024K, 3 young (3072K), 3 survivors (3072K)
 Metaspace       used 18916K, capacity 19592K, committed 19712K, reserved 1067008K
  class space    used 2211K, capacity 2475K, committed 2560K, reserved 1048576K
}
Event: 2.385 GC heap before
{Heap before GC invocations=3 (full 0):
 garbage-first heap   total 196608K, used 13981K [0x0000000741c00000, 0x0000000800000000)
  region size 1024K, 8 young (8192K), 3 survivors (3072K)
 Metaspace       used 19574K, capacity 20215K, committed 20224K, reserved 1077248K
  class space    used 2295K, capacity 2555K, committed 2560K, reserved 1048576K
}
Event: 2.389 GC heap after
{Heap after GC invocations=4 (full 0):
 garbage-first heap   total 196608K, used 10125K [0x0000000741c00000, 0x0000000800000000)
  region size 1024K, 3 young (3072K), 3 survivors (3072K)
 Metaspace       used 19574K, capacity 20215K, committed 20224K, reserved 1077248K
  class space    used 2295K, capacity 2555K, committed 2560K, reserved 1048576K
}
Event: 2.407 GC heap before
{Heap before GC invocations=5 (full 0):
 garbage-first heap   total 196608K, used 11149K [0x0000000741c00000, 0x0000000800000000)
  region size 1024K, 5 young (5120K), 3 survivors (3072K)
 Metaspace       used 19801K, capacity 20503K, committed 20608K, reserved 1083392K
  class space    used 2317K, capacity 2587K, committed 2688K, reserved 1048576K
}

Deoptimization events (0 events):
No events

Classes redefined (0 events):
No events

Internal exceptions (20 events):
Event: 2.133 Thread 0x00000270bbe6f000 Exception <a 'java/lang/NoSuchMethodError'{0x000000074cdaacd8}: 'int java.lang.invoke.DirectMethodHandle$Holder.invokeVirtual(java.lang.Object, java.lang.Object)'> (0x000000074cdaacd8) thrown at [./src/hotspot/share/interpreter/linkResolver.cpp, line 773]
Event: 2.154 Thread 0x00000270bbe6f000 Exception <a 'java/lang/NoSuchMethodError'{0x000000074cc42f30}: 'java.lang.Object java.lang.invoke.DirectMethodHandle$Holder.invokeStatic(java.lang.Object, java.lang.Object, java.lang.Object, int, java.lang.Object)'> (0x000000074cc42f30) thrown at [./src/hotspot/share/interpreter/linkResolver.cpp, line 773]
Event: 2.154 Thread 0x00000270bbe6f000 Exception <a 'java/lang/NoSuchMethodError'{0x000000074cc49938}: 'java.lang.Object java.lang.invoke.Invokers$Holder.linkToTargetMethod(java.lang.Object, java.lang.Object, int, java.lang.Object, java.lang.Object)'> (0x000000074cc49938) thrown at [./src/hotspot/share/interpreter/linkResolver.cpp, line 773]
Event: 2.155 Thread 0x00000270bbe6f000 Exception <a 'java/lang/NoSuchMethodError'{0x000000074cc50fd0}: 'int java.lang.invoke.DirectMethodHandle$Holder.invokeStatic(java.lang.Object, int, java.lang.Object, java.lang.Object)'> (0x000000074cc50fd0) thrown at [./src/hotspot/share/interpreter/linkResolver.cpp, line 773]
Event: 2.156 Thread 0x00000270bbe6f000 Exception <a 'java/lang/NoSuchMethodError'{0x000000074cc593d8}: 'int java.lang.invoke.DirectMethodHandle$Holder.invokeSpecialIFC(java.lang.Object, java.lang.Object, java.lang.Object, java.lang.Object)'> (0x000000074cc593d8) thrown at [./src/hotspot/share/interpreter/linkResolver.cpp, line 773]
Event: 2.215 Thread 0x00000270bbe6f000 Exception <a 'java/lang/NoSuchMethodError'{0x000000074cacfc38}: 'int java.lang.invoke.DirectMethodHandle$Holder.invokeSpecialIFC(java.lang.Object, java.lang.Object, int)'> (0x000000074cacfc38) thrown at [./src/hotspot/share/interpreter/linkResolver.cpp, line 773]
Event: 2.216 Thread 0x00000270e0bde800 Exception <a 'java/lang/NoSuchMethodError'{0x000000074c928498}: 'java.lang.Object java.lang.invoke.DirectMethodHandle$Holder.invokeStatic(java.lang.Object, java.lang.Object, java.lang.Object, java.lang.Object, java.lang.Object, java.lang.Object, java.lang.Object, java.lang.Object, java.lang.Object, java.lang.Object, java.lang.Object, java.lang.Object, java.lang.Object, int)'> (0x000000074c928498) thrown at [./src/hotspot/share/interpreter/linkResolver.cpp, line 773]
Event: 2.218 Thread 0x00000270e0bde800 Exception <a 'java/lang/NoSuchMethodError'{0x000000074c934cc0}: 'java.lang.Object java.lang.invoke.DirectMethodHandle$Holder.invokeStatic(java.lang.Object, java.lang.Object, java.lang.Object, java.lang.Object, java.lang.Object, java.lang.Object, java.lang.Object, java.lang.Object, java.lang.Object, java.lang.Object, java.lang.Object, java.lang.Object, java.lang.Object, int, int)'> (0x000000074c934cc0) thrown at [./src/hotspot/share/interpreter/linkResolver.cpp, line 773]
Event: 2.228 Thread 0x00000270bbe6f000 Exception <a 'java/lang/NoSuchMethodError'{0x000000074c986f78}: 'void java.lang.invoke.DirectMethodHandle$Holder.invokeStatic(java.lang.Object, java.lang.Object, int)'> (0x000000074c986f78) thrown at [./src/hotspot/share/interpreter/linkResolver.cpp, line 773]
Event: 2.231 Thread 0x00000270bbe6f000 Exception <a 'java/lang/NoSuchMethodError'{0x000000074c98e430}: 'void java.lang.invoke.DirectMethodHandle$Holder.invokeStaticInit(java.lang.Object, java.lang.Object)'> (0x000000074c98e430) thrown at [./src/hotspot/share/interpreter/linkResolver.cpp, line 773]
Event: 2.235 Thread 0x00000270bbe6f000 Exception <a 'java/lang/NoSuchMethodError'{0x000000074c9a8140}: 'void java.lang.invoke.DirectMethodHandle$Holder.invokeStaticInit(java.lang.Object, java.lang.Object, java.lang.Object)'> (0x000000074c9a8140) thrown at [./src/hotspot/share/interpreter/linkResolver.cpp, line 773]
Event: 2.245 Thread 0x00000270e0bde800 Exception <a 'java/lang/NoSuchMethodError'{0x000000074c888530}: <clinit>> (0x000000074c888530) thrown at [./src/hotspot/share/prims/jni.cpp, line 1362]
Event: 2.262 Thread 0x00000270bbe6f000 Exception <a 'java/lang/NoSuchMethodError'{0x000000074c726b18}: 'void java.lang.invoke.DirectMethodHandle$Holder.invokeVirtual(java.lang.Object, java.lang.Object, java.lang.Object, java.lang.Object)'> (0x000000074c726b18) thrown at [./src/hotspot/share/interpreter/linkResolver.cpp, line 773]
Event: 2.274 Thread 0x00000270e0bde800 Exception <a 'java/lang/ClassNotFoundException'{0x000000074c795f10}: javax/management/remote/rmi/RMIConnectionImpl_Skel> (0x000000074c795f10) thrown at [./src/hotspot/share/classfile/systemDictionary.cpp, line 234]
Event: 2.288 Thread 0x00000270e0bdd000 Exception <a 'java/lang/NoSuchMethodError'{0x000000074c627688}: 'java.lang.Object java.lang.invoke.Invokers$Holder.linkToTargetMethod(java.lang.Object, long, java.lang.Object)'> (0x000000074c627688) thrown at [./src/hotspot/share/interpreter/linkResolver.cpp, line 773]
Event: 2.298 Thread 0x00000270e0bde800 Exception <a 'java/lang/reflect/InvocationTargetException'{0x000000074c64cd08}> (0x000000074c64cd08) thrown at [./src/hotspot/share/runtime/reflection.cpp, line 1247]
Event: 2.302 Thread 0x00000270e0bde800 Exception <a 'java/lang/NoSuchMethodError'{0x000000074c6d74d8}: <clinit>> (0x000000074c6d74d8) thrown at [./src/hotspot/share/prims/jni.cpp, line 1362]
Event: 2.341 Thread 0x00000270bbe6f000 Exception <a 'java/lang/NoSuchMethodError'{0x000000074db51600}: 'void java.lang.invoke.DirectMethodHandle$Holder.invokeSpecial(java.lang.Object, java.lang.Object, java.lang.Object, java.lang.Object, java.lang.Object)'> (0x000000074db51600) thrown at [./src/hotspot/share/interpreter/linkResolver.cpp, line 773]
Event: 2.360 Thread 0x00000270e0bde000 Exception <a 'java/lang/OutOfMemoryError'{0x000000074daecf78}> (0x000000074daecf78) thrown at [./src/hotspot/share/prims/jni.cpp, line 636]
Event: 2.368 Thread 0x00000270bbe6f000 Exception <a 'java/lang/OutOfMemoryError'{0x000000074d975e60}> (0x000000074d975e60) thrown at [./src/hotspot/share/prims/jni.cpp, line 636]

Events (20 events):
Event: 2.402 loading class com/fasterxml/jackson/databind/introspect/DefaultAccessorNamingStrategy$Provider done
Event: 2.402 loading class com/fasterxml/jackson/databind/introspect/AccessorNamingStrategy$Provider
Event: 2.402 loading class com/fasterxml/jackson/databind/introspect/AccessorNamingStrategy$Provider done
Event: 2.402 loading class com/fasterxml/jackson/databind/MappingJsonFactory
Event: 2.402 loading class com/fasterxml/jackson/databind/MappingJsonFactory done
Event: 2.403 loading class com/fasterxml/jackson/core/JsonFactory
Event: 2.403 loading class com/fasterxml/jackson/core/JsonFactory done
Event: 2.404 loading class com/fasterxml/jackson/core/TokenStreamFactory
Event: 2.404 loading class com/fasterxml/jackson/core/TokenStreamFactory done
Event: 2.404 Executing VM operation: CGC_Operation
Event: 2.404 Executing VM operation: CGC_Operation done
Event: 2.405 loading class com/fasterxml/jackson/core/JsonFactory$Feature
Event: 2.405 loading class com/fasterxml/jackson/core/JsonFactory$Feature done
Event: 2.405 loading class com/fasterxml/jackson/core/util/JacksonFeature
Event: 2.405 loading class com/fasterxml/jackson/core/util/JacksonFeature done
Event: 2.405 loading class com/fasterxml/jackson/core/JsonParser$Feature
Event: 2.405 loading class com/fasterxml/jackson/core/JsonParser$Feature done
Event: 2.406 loading class com/fasterxml/jackson/core/JsonGenerator$Feature
Event: 2.406 loading class com/fasterxml/jackson/core/JsonGenerator$Feature done
Event: 2.406 Executing VM operation: CollectForMetadataAllocation


Dynamic libraries:
0x00007ff6ccc60000 - 0x00007ff6ccc6d000 	C:\Zulu-openJDK-11\bin\java.exe
0x00007ffe91670000 - 0x00007ffe91865000 	C:\Windows\SYSTEM32\ntdll.dll
0x00007ffe90440000 - 0x00007ffe904fe000 	C:\Windows\System32\KERNEL32.DLL
0x00007ffe8f310000 - 0x00007ffe8f5d8000 	C:\Windows\System32\KERNELBASE.dll
0x00007ffe8ef20000 - 0x00007ffe8f020000 	C:\Windows\System32\ucrtbase.dll
0x00007ffe80a20000 - 0x00007ffe80a37000 	C:\Zulu-openJDK-11\bin\jli.dll
0x00007ffe90680000 - 0x00007ffe90820000 	C:\Windows\System32\USER32.dll
0x00007ffe8ed90000 - 0x00007ffe8edb2000 	C:\Windows\System32\win32u.dll
0x00007ffe8faf0000 - 0x00007ffe8fb1a000 	C:\Windows\System32\GDI32.dll
0x00007ffe8f020000 - 0x00007ffe8f12b000 	C:\Windows\System32\gdi32full.dll
0x00007ffe8f1c0000 - 0x00007ffe8f25d000 	C:\Windows\System32\msvcp_win.dll
0x00007ffe87f00000 - 0x00007ffe87f15000 	C:\Zulu-openJDK-11\bin\VCRUNTIME140.dll
0x00007ffe73c70000 - 0x00007ffe73f0a000 	C:\Windows\WinSxS\amd64_microsoft.windows.common-controls_6595b64144ccf1df_6.0.19041.1110_none_60b5254171f9507e\COMCTL32.dll
0x00007ffe903a0000 - 0x00007ffe9043e000 	C:\Windows\System32\msvcrt.dll
0x00007ffe90880000 - 0x00007ffe908b0000 	C:\Windows\System32\IMM32.DLL
0x00007ffe67030000 - 0x00007ffe670cb000 	C:\Zulu-openJDK-11\bin\msvcp140.dll
0x00007ffe38080000 - 0x00007ffe38b41000 	C:\Zulu-openJDK-11\bin\server\jvm.dll
0x00007ffe909b0000 - 0x00007ffe90a5e000 	C:\Windows\System32\ADVAPI32.dll
0x00007ffe8f880000 - 0x00007ffe8f91c000 	C:\Windows\System32\sechost.dll
0x00007ffe8fb20000 - 0x00007ffe8fc45000 	C:\Windows\System32\RPCRT4.dll
0x00007ffe909a0000 - 0x00007ffe909a8000 	C:\Windows\System32\PSAPI.DLL
0x00007ffe81870000 - 0x00007ffe81879000 	C:\Windows\SYSTEM32\WSOCK32.dll
0x00007ffe90930000 - 0x00007ffe9099b000 	C:\Windows\System32\WS2_32.dll
0x00007ffe6f100000 - 0x00007ffe6f127000 	C:\Windows\SYSTEM32\WINMM.dll
0x00007ffe83e90000 - 0x00007ffe83e9a000 	C:\Windows\SYSTEM32\VERSION.dll
0x00007ffe8ce50000 - 0x00007ffe8ce62000 	C:\Windows\SYSTEM32\kernel.appcore.dll
0x00007ffe87ef0000 - 0x00007ffe87f00000 	C:\Zulu-openJDK-11\bin\verify.dll
0x00007ffe8ca30000 - 0x00007ffe8cc14000 	C:\Windows\SYSTEM32\DBGHELP.DLL
0x00007ffe83420000 - 0x00007ffe8344c000 	C:\Windows\SYSTEM32\dbgcore.DLL
0x00007ffe8f130000 - 0x00007ffe8f1b2000 	C:\Windows\System32\bcryptPrimitives.dll
0x00007ffe7d0d0000 - 0x00007ffe7d0f8000 	C:\Zulu-openJDK-11\bin\java.dll
0x00007ffe83e40000 - 0x00007ffe83e4a000 	C:\Zulu-openJDK-11\bin\jimage.dll
0x00007ffe81680000 - 0x00007ffe8168e000 	C:\Zulu-openJDK-11\bin\instrument.dll
0x00007ffe7d400000 - 0x00007ffe7d417000 	C:\Zulu-openJDK-11\bin\zip.dll
0x00007ffe8fc50000 - 0x00007ffe90394000 	C:\Windows\System32\SHELL32.dll
0x00007ffe8ce70000 - 0x00007ffe8d604000 	C:\Windows\SYSTEM32\windows.storage.dll
0x00007ffe90a60000 - 0x00007ffe90db4000 	C:\Windows\System32\combase.dll
0x00007ffe8e720000 - 0x00007ffe8e74c000 	C:\Windows\SYSTEM32\Wldp.dll
0x00007ffe8fa40000 - 0x00007ffe8faed000 	C:\Windows\System32\SHCORE.dll
0x00007ffe91430000 - 0x00007ffe91485000 	C:\Windows\System32\shlwapi.dll
0x00007ffe8ecd0000 - 0x00007ffe8ecef000 	C:\Windows\SYSTEM32\profapi.dll
0x00007ffe7cc50000 - 0x00007ffe7cc69000 	C:\Zulu-openJDK-11\bin\net.dll
0x00007ffe83450000 - 0x00007ffe8355a000 	C:\Windows\SYSTEM32\WINHTTP.dll
0x00007ffe8e500000 - 0x00007ffe8e56a000 	C:\Windows\system32\mswsock.dll
0x00007ffe787c0000 - 0x00007ffe787d2000 	C:\Zulu-openJDK-11\bin\nio.dll
0x00007ffe78750000 - 0x00007ffe7876a000 	C:\Program Files\JetBrains\IntelliJ IDEA 2021.3.3\bin\breakgen64.dll
0x00007ffe8e210000 - 0x00007ffe8e2db000 	C:\Windows\SYSTEM32\DNSAPI.dll
0x00007ffe8e1c0000 - 0x00007ffe8e1fb000 	C:\Windows\SYSTEM32\IPHLPAPI.DLL
0x00007ffe91620000 - 0x00007ffe91628000 	C:\Windows\System32\NSI.dll
0x00007ffe82e00000 - 0x00007ffe82e0a000 	C:\Windows\System32\rasadhlp.dll
0x00007ffe82e10000 - 0x00007ffe82e8f000 	C:\Windows\System32\fwpuclnt.dll
0x00007ffe8f6a0000 - 0x00007ffe8f6c7000 	C:\Windows\System32\bcrypt.dll
0x00007ffe80c40000 - 0x00007ffe80c49000 	C:\Zulu-openJDK-11\bin\management.dll
0x00007ffe80ad0000 - 0x00007ffe80adb000 	C:\Zulu-openJDK-11\bin\management_ext.dll
0x00007ffe8ea40000 - 0x00007ffe8ea58000 	C:\Windows\SYSTEM32\CRYPTSP.dll
0x00007ffe8de30000 - 0x00007ffe8de64000 	C:\Windows\system32\rsaenh.dll
0x00007ffe8ec90000 - 0x00007ffe8ecbe000 	C:\Windows\SYSTEM32\USERENV.dll
0x00007ffe8e690000 - 0x00007ffe8e69c000 	C:\Windows\SYSTEM32\CRYPTBASE.dll
0x00007ffe83d30000 - 0x00007ffe83d47000 	C:\Windows\SYSTEM32\dhcpcsvc6.DLL
0x00007ffe83d10000 - 0x00007ffe83d2d000 	C:\Windows\SYSTEM32\dhcpcsvc.DLL
0x00007ffe74000000 - 0x00007ffe74017000 	C:\Windows\system32\napinsp.dll
0x00007ffe73c50000 - 0x00007ffe73c6b000 	C:\Windows\system32\pnrpnsp.dll
0x00007ffe88dc0000 - 0x00007ffe88dd5000 	C:\Windows\system32\wshbth.dll
0x00007ffe85ca0000 - 0x00007ffe85cbd000 	C:\Windows\system32\NLAapi.dll
0x00007ffe73c30000 - 0x00007ffe73c42000 	C:\Windows\System32\winrnr.dll

dbghelp: loaded successfully - version: 4.0.5 - missing functions: none
symbol engine: initialized successfully - sym options: 0x614 - pdb path: .;C:\Zulu-openJDK-11\bin;C:\Windows\SYSTEM32;C:\Windows\WinSxS\amd64_microsoft.windows.common-controls_6595b64144ccf1df_6.0.19041.1110_none_60b5254171f9507e;C:\Zulu-openJDK-11\bin\server;C:\Program Files\JetBrains\IntelliJ IDEA 2021.3.3\bin

VM Arguments:
jvm_args: -XX:TieredStopAtLevel=1 -Xverify:none -Dspring.output.ansi.enabled=always -Dcom.sun.management.jmxremote -Dspring.jmx.enabled=true -Dspring.liveBeansView.mbeanDomain -Dspring.application.admin.enabled=true -javaagent:C:\Program Files\JetBrains\IntelliJ IDEA 2021.3.3\lib\idea_rt.jar=54335:C:\Program Files\JetBrains\IntelliJ IDEA 2021.3.3\bin -Dfile.encoding=UTF-8 
java_command: backend.project.BackEndApplication
java_class_path (initial): C:\Taller_Sis\Backend_PROYECTO\backend_-ModaStore\projectBackend\target\classes;C:\Users\ARACELY\.m2\repository\org\springframework\boot\spring-boot-starter-web\2.5.4\spring-boot-starter-web-2.5.4.jar;C:\Users\ARACELY\.m2\repository\org\springframework\boot\spring-boot-starter\2.5.4\spring-boot-starter-2.5.4.jar;C:\Users\ARACELY\.m2\repository\org\springframework\boot\spring-boot\2.5.4\spring-boot-2.5.4.jar;C:\Users\ARACELY\.m2\repository\org\springframework\boot\spring-boot-autoconfigure\2.5.4\spring-boot-autoconfigure-2.5.4.jar;C:\Users\ARACELY\.m2\repository\org\springframework\boot\spring-boot-starter-logging\2.5.4\spring-boot-starter-logging-2.5.4.jar;C:\Users\ARACELY\.m2\repository\ch\qos\logback\logback-classic\1.2.5\logback-classic-1.2.5.jar;C:\Users\ARACELY\.m2\repository\ch\qos\logback\logback-core\1.2.5\logback-core-1.2.5.jar;C:\Users\ARACELY\.m2\repository\org\apache\logging\log4j\log4j-to-slf4j\2.14.1\log4j-to-slf4j-2.14.1.jar;C:\Users\ARACELY\.m2\repository\org\apache\logging\log4j\log4j-api\2.14.1\log4j-api-2.14.1.jar;C:\Users\ARACELY\.m2\repository\org\slf4j\jul-to-slf4j\1.7.32\jul-to-slf4j-1.7.32.jar;C:\Users\ARACELY\.m2\repository\jakarta\annotation\jakarta.annotation-api\1.3.5\jakarta.annotation-api-1.3.5.jar;C:\Users\ARACELY\.m2\repository\org\yaml\snakeyaml\1.28\snakeyaml-1.28.jar;C:\Users\ARACELY\.m2\repository\org\springframework\boot\spring-boot-starter-json\2.5.4\spring-boot-starter-json-2.5.4.jar;C:\Users\ARACELY\.m2\repository\com\fasterxml\jackson\core\jackson-databind\2.12.4\jackson-databind-2.12.4.jar;C:\Users\ARACELY\.m2\repository\com\fasterxml\jackson\datatype\jackson-datatype-jdk8\2.12.4\jackson-datatype-jdk8-2.12.4.jar;C:\Users\ARACELY\.m2\repository\com\fasterxml\jackson\datatype\jackson-datatype-jsr310\2.12.4\jackson-datatype-jsr310-2.12.4.jar;C:\Users\ARACELY\.m2\repository\com\fasterxml\jackson\module\jackson-module-parameter-names\2.12.4\jackson-module-parameter-names-2.12.4.jar;C:\Users\ARACELY\.m
Launcher Type: SUN_STANDARD

[Global flags]
     bool BytecodeVerificationLocal                = false                                     {product} {command line}
     bool BytecodeVerificationRemote               = false                                     {product} {command line}
     intx CICompilerCount                          = 3                                         {product} {ergonomic}
     uint ConcGCThreads                            = 1                                         {product} {ergonomic}
     uint G1ConcRefinementThreads                  = 4                                         {product} {ergonomic}
   size_t G1HeapRegionSize                         = 1048576                                   {product} {ergonomic}
    uintx GCDrainStackTargetSize                   = 64                                        {product} {ergonomic}
   size_t InitialHeapSize                          = 201326592                                 {product} {ergonomic}
     bool ManagementServer                         = true                                      {product} {command line}
   size_t MarkStackSize                            = 4194304                                   {product} {ergonomic}
   size_t MaxHeapSize                              = 3191865344                                {product} {ergonomic}
   size_t MaxNewSize                               = 1914699776                                {product} {ergonomic}
   size_t MinHeapDeltaBytes                        = 1048576                                   {product} {ergonomic}
    uintx NonNMethodCodeHeapSize                   = 6973028                                {pd product} {ergonomic}
    uintx NonProfiledCodeHeapSize                  = 244685212                              {pd product} {ergonomic}
    uintx ProfiledCodeHeapSize                     = 0                                      {pd product} {ergonomic}
    uintx ReservedCodeCacheSize                    = 251658240                              {pd product} {ergonomic}
     bool SegmentedCodeCache                       = true                                      {product} {ergonomic}
     intx TieredStopAtLevel                        = 1                                         {product} {command line}
     bool UseCompressedClassPointers               = true                                 {lp64_product} {ergonomic}
     bool UseCompressedOops                        = true                                 {lp64_product} {ergonomic}
     bool UseG1GC                                  = true                                      {product} {ergonomic}
     bool UseLargePagesIndividualAllocation        = false                                  {pd product} {ergonomic}

Logging:
Log output configuration:
 #0: stdout all=warning uptime,level,tags
 #1: stderr all=off uptime,level,tags

Environment Variables:
JAVA_HOME=C:\Zulu-openJDK-11
PATH=C:\Python310\Scripts\;C:\Python310\;C:\Zulu-openJDK-11\bin;C:\Program Files\Java\jdk-14.0.2\bin;C:\Program Files (x86)\Java\jre1.8.0_261\bin;C:\Windows\system32;C:\Windows;C:\Windows\System32\Wbem;C:\Windows\System32\WindowsPowerShell\v1.0\;C:\Windows\System32\OpenSSH\;C:\Program Files\Git\cmd;C:\Program Files (x86)\ZeroTier\One\;C:\Program Files\PuTTY\;C:\Program Files\Docker\Docker\resources\bin;C:\ProgramData\DockerDesktop\version-bin;C:\Program Files\Microsoft SQL Server\130\Tools\Binn\;C:\HashiCorp\Vagrant\bin;C:\ProgramData\chocolatey\bin;C:\Program Files\nodejs\;C:\Program Files\bin;C:\Program Files\MySQL\MySQL Shell 8.0\bin\;C:\Users\ARACELY\AppData\Local\Microsoft\WindowsApps;;C:\Users\ARACELY\AppData\Local\Programs\Microsoft VS Code\bin;C:\Program Files\JetBrains\IntelliJ IDEA Community Edition 2021.1\bin;;C:\Program Files\JetBrains\IntelliJ IDEA 2020.2.2\bin;;C:\Users\ARACELY\AppData\Roaming\npm
USERNAME=ARACELY
OS=Windows_NT
PROCESSOR_IDENTIFIER=Intel64 Family 6 Model 142 Stepping 9, GenuineIntel



---------------  S Y S T E M  ---------------

OS: Windows 10 , 64 bit Build 19041 (10.0.19041.1645)
OS uptime: 0 days 14:59 hours
HyperV virtualization detected

CPU:total 4 (initial active 4) (2 cores per cpu, 2 threads per core) family 6 model 142 stepping 9, cmov, cx8, fxsr, mmx, sse, sse2, sse3, ssse3, sse4.1, sse4.2, popcnt, avx, avx2, aes, clmul, erms, 3dnowpref, lzcnt, ht, tsc, tscinvbit, bmi1, bmi2, adx, fma

Memory: 4k page, system-wide physical 12174M (2336M free)
TotalPageFile size 16174M (AvailPageFile size 0M)
current process WorkingSet (physical memory assigned to process): 94M, peak: 94M
current process commit charge ("private bytes"): 288M, peak: 288M

vm_info: OpenJDK 64-Bit Server VM (11.0.8+10-LTS) for windows-amd64 JRE (Zulu11.41+23-CA) (11.0.8+10-LTS), built on Jul 10 2020 07:15:08 by "zulu_re" with MS VC++ 15.9 (VS2017)

END.
