#
# There is insufficient memory for the Java Runtime Environment to continue.
# Native memory allocation (malloc) failed to allocate 1048576 bytes for AllocateHeap
# Possible reasons:
#   The system is out of physical RAM or swap space
#   The process is running with CompressedOops enabled, and the Java Heap may be blocking the growth of the native heap
# Possible solutions:
#   Reduce memory load on the system
#   Increase physical memory or swap space
#   Check if swap backing store is full
#   Decrease Java heap size (-Xmx/-Xms)
#   Decrease number of Java threads
#   Decrease Java thread stack sizes (-Xss)
#   Set larger code cache with -XX:ReservedCodeCacheSize=
#   JVM is running with Zero Based Compressed Oops mode in which the Java heap is
#     placed in the first 32GB address space. The Java Heap base address is the
#     maximum limit for the native heap growth. Please use -XX:HeapBaseMinAddress
#     to set the Java Heap base and to place the Java Heap above 32GB virtual address.
# This output file may be truncated or incomplete.
#
#  Out of Memory Error (./src/hotspot/share/memory/allocation.cpp:46), pid=2992, tid=11184
#
# JRE version: OpenJDK Runtime Environment Zulu11.41+23-CA (11.0.8+10) (build 11.0.8+10-LTS)
# Java VM: OpenJDK 64-Bit Server VM Zulu11.41+23-CA (11.0.8+10-LTS, mixed mode, tiered, compressed oops, g1 gc, windows-amd64)
# No core dump will be written. Minidumps are not enabled by default on client versions of Windows
#

---------------  S U M M A R Y ------------

Command Line: -XX:TieredStopAtLevel=1 -Xverify:none -Dspring.output.ansi.enabled=always -Dcom.sun.management.jmxremote -Dspring.jmx.enabled=true -Dspring.liveBeansView.mbeanDomain -Dspring.application.admin.enabled=true -javaagent:C:\Program Files\JetBrains\IntelliJ IDEA 2021.3.3\lib\idea_rt.jar=60567:C:\Program Files\JetBrains\IntelliJ IDEA 2021.3.3\bin -Dfile.encoding=UTF-8 backend.project.BackEndApplication

Host: Intel(R) Core(TM) i5-7200U CPU @ 2.50GHz, 4 cores, 11G,  Windows 10 , 64 bit Build 19041 (10.0.19041.1645)
Time: Wed Apr 20 17:46:02 2022 Hora estándar oeste, Sudamérica elapsed time: 3 seconds (0d 0h 0m 3s)

---------------  T H R E A D  ---------------

Current thread (0x000001f4b6831800):  VMThread "VM Thread" [stack: 0x000000aecef00000,0x000000aecf000000] [id=11184]

Stack: [0x000000aecef00000,0x000000aecf000000]
[error occurred during error reporting (printing stack bounds), id 0xc0000005, EXCEPTION_ACCESS_VIOLATION (0xc0000005) at pc=0x000001f49e1f0dad]

Native frames: (J=compiled Java code, j=interpreted, Vv=VM code, C=native code)
V  [jvm.dll+0x5e1e0a]
V  [jvm.dll+0x71a36e]
V  [jvm.dll+0x71ba3f]
V  [jvm.dll+0x71c065]
V  [jvm.dll+0x71c01b]
V  [jvm.dll+0x5e13b3]
V  [jvm.dll+0x5e1ab8]
C  [ntdll.dll+0xa20cf]
C  [ntdll.dll+0x51454]
C  [ntdll.dll+0xa0bfe]
C  0x000001f49e1f0dad

VM_Operation (0x000000aece9fbea0): CollectForMetadataAllocation, mode: safepoint, requested by thread 0x000001f4958fc800


---------------  P R O C E S S  ---------------

Threads class SMR info:
_java_thread_list=0x000001f4b8d3a670, length=13, elements={
0x000001f4958fc800, 0x000001f4b7076800, 0x000001f4b7077800, 0x000001f4b6834000,
0x000001f4b6835800, 0x000001f4b6836800, 0x000001f4b70c8800, 0x000001f4b67e6000,
0x000001f4b743c000, 0x000001f4b743c800, 0x000001f4b7985800, 0x000001f4b89a5800,
0x000001f4b89d6800
}

Java Threads: ( => current thread )
  0x000001f4958fc800 JavaThread "main" [_thread_blocked, id=6816, stack(0x000000aece900000,0x000000aecea00000)]
  0x000001f4b7076800 JavaThread "Reference Handler" daemon [_thread_blocked, id=16276, stack(0x000000aecf000000,0x000000aecf100000)]
  0x000001f4b7077800 JavaThread "Finalizer" daemon [_thread_blocked, id=3380, stack(0x000000aecf100000,0x000000aecf200000)]
  0x000001f4b6834000 JavaThread "Signal Dispatcher" daemon [_thread_blocked, id=8604, stack(0x000000aecf200000,0x000000aecf300000)]
  0x000001f4b6835800 JavaThread "Attach Listener" daemon [_thread_blocked, id=6732, stack(0x000000aecf300000,0x000000aecf400000)]
  0x000001f4b6836800 JavaThread "C1 CompilerThread0" daemon [_thread_blocked, id=11712, stack(0x000000aecf400000,0x000000aecf500000)]
  0x000001f4b70c8800 JavaThread "Sweeper thread" daemon [_thread_blocked, id=7516, stack(0x000000aecf500000,0x000000aecf600000)]
  0x000001f4b67e6000 JavaThread "Common-Cleaner" daemon [_thread_blocked, id=15088, stack(0x000000aecf600000,0x000000aecf700000)]
  0x000001f4b743c000 JavaThread "Monitor Ctrl-Break" daemon [_thread_in_native, id=1888, stack(0x000000aecf700000,0x000000aecf800000)]
  0x000001f4b743c800 JavaThread "Service Thread" daemon [_thread_blocked, id=5428, stack(0x000000aecf800000,0x000000aecf900000)]
  0x000001f4b7985800 JavaThread "RMI TCP Accept-0" daemon [_thread_in_native, id=13280, stack(0x000000aecf900000,0x000000aecfa00000)]
  0x000001f4b89a5800 JavaThread "RMI TCP Connection(1)-192.168.56.1" daemon [_thread_blocked, id=5736, stack(0x000000aed0000000,0x000000aed0100000)]
  0x000001f4b89d6800 JavaThread "RMI Scheduler(0)" daemon [_thread_blocked, id=9504, stack(0x000000aed0100000,0x000000aed0200000)]

Other Threads:
=>0x000001f4b6831800 VMThread "VM Thread" [stack: 0x000000aecef00000,0x000000aecf000000] [id=11184]
  0x000001f4b7986000 WatcherThread [stack: 0x000000aecfa00000,0x000000aecfb00000] [id=9676]
  0x000001f495913800 GCTaskThread "GC Thread#0" [stack: 0x000000aecea00000,0x000000aeceb00000] [id=9168]
  0x000001f4b79da800 GCTaskThread "GC Thread#1" [stack: 0x000000aecfc00000,0x000000aecfd00000] [id=11716]
  0x000001f4b7a8a000 GCTaskThread "GC Thread#2" [stack: 0x000000aecfd00000,0x000000aecfe00000] [id=9488]
  0x000001f4b7a8b000 GCTaskThread "GC Thread#3" [stack: 0x000000aecfe00000,0x000000aecff00000] [id=10244]
  0x000001f495958000 ConcurrentGCThread "G1 Main Marker" [stack: 0x000000aeceb00000,0x000000aecec00000] [id=5000]
  0x000001f495959800 ConcurrentGCThread "G1 Conc#0" [stack: 0x000000aecec00000,0x000000aeced00000] [id=12560]
  0x000001f4959ce800 ConcurrentGCThread "G1 Refine#0" [stack: 0x000000aeced00000,0x000000aecee00000] [id=6176]
  0x000001f4b737f000 ConcurrentGCThread "G1 Refine#1" [stack: 0x000000aecfb00000,0x000000aecfc00000] [id=7324]
  0x000001f4b669a000 ConcurrentGCThread "G1 Young RemSet Sampling" [stack: 0x000000aecee00000,0x000000aecef00000] [id=13668]

Threads with active compile tasks:
C1 CompilerThread0   3941 3187   !   1       org.springframework.beans.factory.support.AbstractAutowireCapableBeanFactory::getTypeForFactoryMethod (544 bytes)

VM state:at safepoint (normal execution)

VM Mutex/Monitor currently owned by a thread:  ([mutex/lock_event])
[0x000001f4958f77c0] Threads_lock - owner thread: 0x000001f4b6831800
[0x000001f4958f7df0] Heap_lock - owner thread: 0x000001f4958fc800

Heap address: 0x0000000741c00000, size: 3044 MB, Compressed Oops mode: Zero based, Oop shift amount: 3
Narrow klass base: 0x0000000800000000, Narrow klass shift: 0
Compressed class space size: 1073741824 Address: 0x0000000800000000

Heap:
 garbage-first heap   total 196608K, used 14984K [0x0000000741c00000, 0x0000000800000000)
  region size 1024K, 8 young (8192K), 8 survivors (8192K)
 Metaspace       used 29234K, capacity 30292K, committed 30384K, reserved 1083392K
  class space    used 3605K, capacity 4004K, committed 4096K, reserved 1048576K
Heap Regions: E=young(eden), S=young(survivor), O=old, HS=humongous(starts), HC=humongous(continues), CS=collection set, F=free, A=archive, TAMS=top-at-mark-start (previous, next)
|   0|0x0000000741c00000, 0x0000000741d00000, 0x0000000741d00000|100%|HS|  |TAMS 0x0000000741d00000, 0x0000000741d00000| Complete 
|   1|0x0000000741d00000, 0x0000000741e00000, 0x0000000741e00000|100%| O|  |TAMS 0x0000000741e00000, 0x0000000741e00000| Untracked 
|   2|0x0000000741e00000, 0x0000000741f00000, 0x0000000741f00000|100%| O|  |TAMS 0x0000000741f00000, 0x0000000741f00000| Untracked 
|   3|0x0000000741f00000, 0x0000000742000000, 0x0000000742000000|100%| O|  |TAMS 0x0000000742000000, 0x0000000742000000| Untracked 
|   4|0x0000000742000000, 0x0000000742100000, 0x0000000742100000|100%| O|  |TAMS 0x0000000742100000, 0x0000000742100000| Untracked 
|   5|0x0000000742100000, 0x0000000742200000, 0x0000000742200000|100%| O|  |TAMS 0x0000000742200000, 0x0000000742200000| Untracked 
|   6|0x0000000742200000, 0x0000000742300000, 0x0000000742300000|100%| O|  |TAMS 0x0000000742300000, 0x0000000742300000| Untracked 
|   7|0x0000000742300000, 0x0000000742371800, 0x0000000742400000| 44%| O|  |TAMS 0x0000000742371800, 0x0000000742371800| Untracked 
|   8|0x0000000742400000, 0x0000000742400000, 0x0000000742500000|  0%| F|  |TAMS 0x0000000742400000, 0x0000000742400000| Untracked 
|   9|0x0000000742500000, 0x0000000742500000, 0x0000000742600000|  0%| F|  |TAMS 0x0000000742500000, 0x0000000742500000| Untracked 
|  10|0x0000000742600000, 0x0000000742600000, 0x0000000742700000|  0%| F|  |TAMS 0x0000000742600000, 0x0000000742600000| Untracked 
|  11|0x0000000742700000, 0x0000000742700000, 0x0000000742800000|  0%| F|  |TAMS 0x0000000742700000, 0x0000000742700000| Untracked 
|  12|0x0000000742800000, 0x0000000742800000, 0x0000000742900000|  0%| F|  |TAMS 0x0000000742800000, 0x0000000742800000| Untracked 
|  13|0x0000000742900000, 0x0000000742900000, 0x0000000742a00000|  0%| F|  |TAMS 0x0000000742900000, 0x0000000742900000| Untracked 
|  14|0x0000000742a00000, 0x0000000742a00000, 0x0000000742b00000|  0%| F|  |TAMS 0x0000000742a00000, 0x0000000742a00000| Untracked 
|  15|0x0000000742b00000, 0x0000000742b00000, 0x0000000742c00000|  0%| F|  |TAMS 0x0000000742b00000, 0x0000000742b00000| Untracked 
|  16|0x0000000742c00000, 0x0000000742c00000, 0x0000000742d00000|  0%| F|  |TAMS 0x0000000742c00000, 0x0000000742c00000| Untracked 
|  17|0x0000000742d00000, 0x0000000742d00000, 0x0000000742e00000|  0%| F|  |TAMS 0x0000000742d00000, 0x0000000742d00000| Untracked 
|  18|0x0000000742e00000, 0x0000000742e00000, 0x0000000742f00000|  0%| F|  |TAMS 0x0000000742e00000, 0x0000000742e00000| Untracked 
|  19|0x0000000742f00000, 0x0000000742f00000, 0x0000000743000000|  0%| F|  |TAMS 0x0000000742f00000, 0x0000000742f00000| Untracked 
|  20|0x0000000743000000, 0x0000000743000000, 0x0000000743100000|  0%| F|  |TAMS 0x0000000743000000, 0x0000000743000000| Untracked 
|  21|0x0000000743100000, 0x0000000743100000, 0x0000000743200000|  0%| F|  |TAMS 0x0000000743100000, 0x0000000743100000| Untracked 
|  22|0x0000000743200000, 0x0000000743200000, 0x0000000743300000|  0%| F|  |TAMS 0x0000000743200000, 0x0000000743200000| Untracked 
|  23|0x0000000743300000, 0x0000000743300000, 0x0000000743400000|  0%| F|  |TAMS 0x0000000743300000, 0x0000000743300000| Untracked 
|  24|0x0000000743400000, 0x0000000743400000, 0x0000000743500000|  0%| F|  |TAMS 0x0000000743400000, 0x0000000743400000| Untracked 
|  25|0x0000000743500000, 0x0000000743500000, 0x0000000743600000|  0%| F|  |TAMS 0x0000000743500000, 0x0000000743500000| Untracked 
|  26|0x0000000743600000, 0x0000000743600000, 0x0000000743700000|  0%| F|  |TAMS 0x0000000743600000, 0x0000000743600000| Untracked 
|  27|0x0000000743700000, 0x0000000743700000, 0x0000000743800000|  0%| F|  |TAMS 0x0000000743700000, 0x0000000743700000| Untracked 
|  28|0x0000000743800000, 0x0000000743800000, 0x0000000743900000|  0%| F|  |TAMS 0x0000000743800000, 0x0000000743800000| Untracked 
|  29|0x0000000743900000, 0x0000000743900000, 0x0000000743a00000|  0%| F|  |TAMS 0x0000000743900000, 0x0000000743900000| Untracked 
|  30|0x0000000743a00000, 0x0000000743a00000, 0x0000000743b00000|  0%| F|  |TAMS 0x0000000743a00000, 0x0000000743a00000| Untracked 
|  31|0x0000000743b00000, 0x0000000743b00000, 0x0000000743c00000|  0%| F|  |TAMS 0x0000000743b00000, 0x0000000743b00000| Untracked 
|  32|0x0000000743c00000, 0x0000000743c00000, 0x0000000743d00000|  0%| F|  |TAMS 0x0000000743c00000, 0x0000000743c00000| Untracked 
|  33|0x0000000743d00000, 0x0000000743d00000, 0x0000000743e00000|  0%| F|  |TAMS 0x0000000743d00000, 0x0000000743d00000| Untracked 
|  34|0x0000000743e00000, 0x0000000743e00000, 0x0000000743f00000|  0%| F|  |TAMS 0x0000000743e00000, 0x0000000743e00000| Untracked 
|  35|0x0000000743f00000, 0x0000000743f00000, 0x0000000744000000|  0%| F|  |TAMS 0x0000000743f00000, 0x0000000743f00000| Untracked 
|  36|0x0000000744000000, 0x0000000744000000, 0x0000000744100000|  0%| F|  |TAMS 0x0000000744000000, 0x0000000744000000| Untracked 
|  37|0x0000000744100000, 0x0000000744100000, 0x0000000744200000|  0%| F|  |TAMS 0x0000000744100000, 0x0000000744100000| Untracked 
|  38|0x0000000744200000, 0x0000000744200000, 0x0000000744300000|  0%| F|  |TAMS 0x0000000744200000, 0x0000000744200000| Untracked 
|  39|0x0000000744300000, 0x0000000744300000, 0x0000000744400000|  0%| F|  |TAMS 0x0000000744300000, 0x0000000744300000| Untracked 
|  40|0x0000000744400000, 0x0000000744400000, 0x0000000744500000|  0%| F|  |TAMS 0x0000000744400000, 0x0000000744400000| Untracked 
|  41|0x0000000744500000, 0x0000000744500000, 0x0000000744600000|  0%| F|  |TAMS 0x0000000744500000, 0x0000000744500000| Untracked 
|  42|0x0000000744600000, 0x0000000744600000, 0x0000000744700000|  0%| F|  |TAMS 0x0000000744600000, 0x0000000744600000| Untracked 
|  43|0x0000000744700000, 0x0000000744700000, 0x0000000744800000|  0%| F|  |TAMS 0x0000000744700000, 0x0000000744700000| Untracked 
|  44|0x0000000744800000, 0x0000000744800000, 0x0000000744900000|  0%| F|  |TAMS 0x0000000744800000, 0x0000000744800000| Untracked 
|  45|0x0000000744900000, 0x0000000744900000, 0x0000000744a00000|  0%| F|  |TAMS 0x0000000744900000, 0x0000000744900000| Untracked 
|  46|0x0000000744a00000, 0x0000000744a00000, 0x0000000744b00000|  0%| F|  |TAMS 0x0000000744a00000, 0x0000000744a00000| Untracked 
|  47|0x0000000744b00000, 0x0000000744b00000, 0x0000000744c00000|  0%| F|  |TAMS 0x0000000744b00000, 0x0000000744b00000| Untracked 
|  48|0x0000000744c00000, 0x0000000744c00000, 0x0000000744d00000|  0%| F|  |TAMS 0x0000000744c00000, 0x0000000744c00000| Untracked 
|  49|0x0000000744d00000, 0x0000000744d00000, 0x0000000744e00000|  0%| F|  |TAMS 0x0000000744d00000, 0x0000000744d00000| Untracked 
|  50|0x0000000744e00000, 0x0000000744e00000, 0x0000000744f00000|  0%| F|  |TAMS 0x0000000744e00000, 0x0000000744e00000| Untracked 
|  51|0x0000000744f00000, 0x0000000744f00000, 0x0000000745000000|  0%| F|  |TAMS 0x0000000744f00000, 0x0000000744f00000| Untracked 
|  52|0x0000000745000000, 0x0000000745000000, 0x0000000745100000|  0%| F|  |TAMS 0x0000000745000000, 0x0000000745000000| Untracked 
|  53|0x0000000745100000, 0x0000000745100000, 0x0000000745200000|  0%| F|  |TAMS 0x0000000745100000, 0x0000000745100000| Untracked 
|  54|0x0000000745200000, 0x0000000745200000, 0x0000000745300000|  0%| F|  |TAMS 0x0000000745200000, 0x0000000745200000| Untracked 
|  55|0x0000000745300000, 0x0000000745300000, 0x0000000745400000|  0%| F|  |TAMS 0x0000000745300000, 0x0000000745300000| Untracked 
|  56|0x0000000745400000, 0x0000000745400000, 0x0000000745500000|  0%| F|  |TAMS 0x0000000745400000, 0x0000000745400000| Untracked 
|  57|0x0000000745500000, 0x0000000745500000, 0x0000000745600000|  0%| F|  |TAMS 0x0000000745500000, 0x0000000745500000| Untracked 
|  58|0x0000000745600000, 0x0000000745600000, 0x0000000745700000|  0%| F|  |TAMS 0x0000000745600000, 0x0000000745600000| Untracked 
|  59|0x0000000745700000, 0x0000000745700000, 0x0000000745800000|  0%| F|  |TAMS 0x0000000745700000, 0x0000000745700000| Untracked 
|  60|0x0000000745800000, 0x0000000745800000, 0x0000000745900000|  0%| F|  |TAMS 0x0000000745800000, 0x0000000745800000| Untracked 
|  61|0x0000000745900000, 0x0000000745900000, 0x0000000745a00000|  0%| F|  |TAMS 0x0000000745900000, 0x0000000745900000| Untracked 
|  62|0x0000000745a00000, 0x0000000745a00000, 0x0000000745b00000|  0%| F|  |TAMS 0x0000000745a00000, 0x0000000745a00000| Untracked 
|  63|0x0000000745b00000, 0x0000000745b00000, 0x0000000745c00000|  0%| F|  |TAMS 0x0000000745b00000, 0x0000000745b00000| Untracked 
|  64|0x0000000745c00000, 0x0000000745c00000, 0x0000000745d00000|  0%| F|  |TAMS 0x0000000745c00000, 0x0000000745c00000| Untracked 
|  65|0x0000000745d00000, 0x0000000745d00000, 0x0000000745e00000|  0%| F|  |TAMS 0x0000000745d00000, 0x0000000745d00000| Untracked 
|  66|0x0000000745e00000, 0x0000000745e00000, 0x0000000745f00000|  0%| F|  |TAMS 0x0000000745e00000, 0x0000000745e00000| Untracked 
|  67|0x0000000745f00000, 0x0000000745f00000, 0x0000000746000000|  0%| F|  |TAMS 0x0000000745f00000, 0x0000000745f00000| Untracked 
|  68|0x0000000746000000, 0x0000000746000000, 0x0000000746100000|  0%| F|  |TAMS 0x0000000746000000, 0x0000000746000000| Untracked 
|  69|0x0000000746100000, 0x0000000746100000, 0x0000000746200000|  0%| F|  |TAMS 0x0000000746100000, 0x0000000746100000| Untracked 
|  70|0x0000000746200000, 0x0000000746200000, 0x0000000746300000|  0%| F|  |TAMS 0x0000000746200000, 0x0000000746200000| Untracked 
|  71|0x0000000746300000, 0x0000000746300000, 0x0000000746400000|  0%| F|  |TAMS 0x0000000746300000, 0x0000000746300000| Untracked 
|  72|0x0000000746400000, 0x0000000746400000, 0x0000000746500000|  0%| F|  |TAMS 0x0000000746400000, 0x0000000746400000| Untracked 
|  73|0x0000000746500000, 0x0000000746500000, 0x0000000746600000|  0%| F|  |TAMS 0x0000000746500000, 0x0000000746500000| Untracked 
|  74|0x0000000746600000, 0x0000000746600000, 0x0000000746700000|  0%| F|  |TAMS 0x0000000746600000, 0x0000000746600000| Untracked 
|  75|0x0000000746700000, 0x0000000746700000, 0x0000000746800000|  0%| F|  |TAMS 0x0000000746700000, 0x0000000746700000| Untracked 
|  76|0x0000000746800000, 0x0000000746800000, 0x0000000746900000|  0%| F|  |TAMS 0x0000000746800000, 0x0000000746800000| Untracked 
|  77|0x0000000746900000, 0x0000000746900000, 0x0000000746a00000|  0%| F|  |TAMS 0x0000000746900000, 0x0000000746900000| Untracked 
|  78|0x0000000746a00000, 0x0000000746a00000, 0x0000000746b00000|  0%| F|  |TAMS 0x0000000746a00000, 0x0000000746a00000| Untracked 
|  79|0x0000000746b00000, 0x0000000746b00000, 0x0000000746c00000|  0%| F|  |TAMS 0x0000000746b00000, 0x0000000746b00000| Untracked 
|  80|0x0000000746c00000, 0x0000000746c00000, 0x0000000746d00000|  0%| F|  |TAMS 0x0000000746c00000, 0x0000000746c00000| Untracked 
|  81|0x0000000746d00000, 0x0000000746d00000, 0x0000000746e00000|  0%| F|  |TAMS 0x0000000746d00000, 0x0000000746d00000| Untracked 
|  82|0x0000000746e00000, 0x0000000746e00000, 0x0000000746f00000|  0%| F|  |TAMS 0x0000000746e00000, 0x0000000746e00000| Untracked 
|  83|0x0000000746f00000, 0x0000000746f00000, 0x0000000747000000|  0%| F|  |TAMS 0x0000000746f00000, 0x0000000746f00000| Untracked 
|  84|0x0000000747000000, 0x0000000747000000, 0x0000000747100000|  0%| F|  |TAMS 0x0000000747000000, 0x0000000747000000| Untracked 
|  85|0x0000000747100000, 0x0000000747100000, 0x0000000747200000|  0%| F|  |TAMS 0x0000000747100000, 0x0000000747100000| Untracked 
|  86|0x0000000747200000, 0x0000000747200000, 0x0000000747300000|  0%| F|  |TAMS 0x0000000747200000, 0x0000000747200000| Untracked 
|  87|0x0000000747300000, 0x0000000747300000, 0x0000000747400000|  0%| F|  |TAMS 0x0000000747300000, 0x0000000747300000| Untracked 
|  88|0x0000000747400000, 0x0000000747400000, 0x0000000747500000|  0%| F|  |TAMS 0x0000000747400000, 0x0000000747400000| Untracked 
|  89|0x0000000747500000, 0x0000000747500000, 0x0000000747600000|  0%| F|  |TAMS 0x0000000747500000, 0x0000000747500000| Untracked 
|  90|0x0000000747600000, 0x0000000747600000, 0x0000000747700000|  0%| F|  |TAMS 0x0000000747600000, 0x0000000747600000| Untracked 
|  91|0x0000000747700000, 0x0000000747700000, 0x0000000747800000|  0%| F|  |TAMS 0x0000000747700000, 0x0000000747700000| Untracked 
|  92|0x0000000747800000, 0x0000000747800000, 0x0000000747900000|  0%| F|  |TAMS 0x0000000747800000, 0x0000000747800000| Untracked 
|  93|0x0000000747900000, 0x0000000747900000, 0x0000000747a00000|  0%| F|  |TAMS 0x0000000747900000, 0x0000000747900000| Untracked 
|  94|0x0000000747a00000, 0x0000000747a00000, 0x0000000747b00000|  0%| F|  |TAMS 0x0000000747a00000, 0x0000000747a00000| Untracked 
|  95|0x0000000747b00000, 0x0000000747b30950, 0x0000000747c00000| 18%| S|CS|TAMS 0x0000000747b00000, 0x0000000747b00000| Complete 
|  96|0x0000000747c00000, 0x0000000747d00000, 0x0000000747d00000|100%| S|CS|TAMS 0x0000000747c00000, 0x0000000747c00000| Complete 
|  97|0x0000000747d00000, 0x0000000747e00000, 0x0000000747e00000|100%| S|CS|TAMS 0x0000000747d00000, 0x0000000747d00000| Complete 
|  98|0x0000000747e00000, 0x0000000747f00000, 0x0000000747f00000|100%| S|CS|TAMS 0x0000000747e00000, 0x0000000747e00000| Complete 
|  99|0x0000000747f00000, 0x0000000748000000, 0x0000000748000000|100%| S|CS|TAMS 0x0000000747f00000, 0x0000000747f00000| Complete 
| 100|0x0000000748000000, 0x0000000748100000, 0x0000000748100000|100%| S|CS|TAMS 0x0000000748000000, 0x0000000748000000| Complete 
| 101|0x0000000748100000, 0x0000000748200000, 0x0000000748200000|100%| S|CS|TAMS 0x0000000748100000, 0x0000000748100000| Complete 
| 102|0x0000000748200000, 0x0000000748300000, 0x0000000748300000|100%| S|CS|TAMS 0x0000000748200000, 0x0000000748200000| Complete 
| 103|0x0000000748300000, 0x0000000748300000, 0x0000000748400000|  0%| F|  |TAMS 0x0000000748300000, 0x0000000748300000| Untracked 
| 104|0x0000000748400000, 0x0000000748400000, 0x0000000748500000|  0%| F|  |TAMS 0x0000000748400000, 0x0000000748400000| Untracked 
| 105|0x0000000748500000, 0x0000000748500000, 0x0000000748600000|  0%| F|  |TAMS 0x0000000748500000, 0x0000000748500000| Untracked 
| 106|0x0000000748600000, 0x0000000748600000, 0x0000000748700000|  0%| F|  |TAMS 0x0000000748600000, 0x0000000748600000| Untracked 
| 107|0x0000000748700000, 0x0000000748700000, 0x0000000748800000|  0%| F|  |TAMS 0x0000000748700000, 0x0000000748700000| Untracked 
| 108|0x0000000748800000, 0x0000000748800000, 0x0000000748900000|  0%| F|  |TAMS 0x0000000748800000, 0x0000000748800000| Untracked 
| 109|0x0000000748900000, 0x0000000748900000, 0x0000000748a00000|  0%| F|  |TAMS 0x0000000748900000, 0x0000000748900000| Untracked 
| 110|0x0000000748a00000, 0x0000000748a00000, 0x0000000748b00000|  0%| F|  |TAMS 0x0000000748a00000, 0x0000000748a00000| Untracked 
| 111|0x0000000748b00000, 0x0000000748b00000, 0x0000000748c00000|  0%| F|  |TAMS 0x0000000748b00000, 0x0000000748b00000| Untracked 
| 112|0x0000000748c00000, 0x0000000748c00000, 0x0000000748d00000|  0%| F|  |TAMS 0x0000000748c00000, 0x0000000748c00000| Untracked 
| 113|0x0000000748d00000, 0x0000000748d00000, 0x0000000748e00000|  0%| F|  |TAMS 0x0000000748d00000, 0x0000000748d00000| Untracked 
| 114|0x0000000748e00000, 0x0000000748e00000, 0x0000000748f00000|  0%| F|  |TAMS 0x0000000748e00000, 0x0000000748e00000| Untracked 
| 115|0x0000000748f00000, 0x0000000748f00000, 0x0000000749000000|  0%| F|  |TAMS 0x0000000748f00000, 0x0000000748f00000| Untracked 
| 116|0x0000000749000000, 0x0000000749000000, 0x0000000749100000|  0%| F|  |TAMS 0x0000000749000000, 0x0000000749000000| Untracked 
| 117|0x0000000749100000, 0x0000000749100000, 0x0000000749200000|  0%| F|  |TAMS 0x0000000749100000, 0x0000000749100000| Untracked 
| 118|0x0000000749200000, 0x0000000749200000, 0x0000000749300000|  0%| F|  |TAMS 0x0000000749200000, 0x0000000749200000| Untracked 
| 119|0x0000000749300000, 0x0000000749300000, 0x0000000749400000|  0%| F|  |TAMS 0x0000000749300000, 0x0000000749300000| Untracked 
| 120|0x0000000749400000, 0x0000000749400000, 0x0000000749500000|  0%| F|  |TAMS 0x0000000749400000, 0x0000000749400000| Untracked 
| 121|0x0000000749500000, 0x0000000749500000, 0x0000000749600000|  0%| F|  |TAMS 0x0000000749500000, 0x0000000749500000| Untracked 
| 122|0x0000000749600000, 0x0000000749600000, 0x0000000749700000|  0%| F|  |TAMS 0x0000000749600000, 0x0000000749600000| Untracked 
| 123|0x0000000749700000, 0x0000000749700000, 0x0000000749800000|  0%| F|  |TAMS 0x0000000749700000, 0x0000000749700000| Untracked 
| 124|0x0000000749800000, 0x0000000749800000, 0x0000000749900000|  0%| F|  |TAMS 0x0000000749800000, 0x0000000749800000| Untracked 
| 125|0x0000000749900000, 0x0000000749900000, 0x0000000749a00000|  0%| F|  |TAMS 0x0000000749900000, 0x0000000749900000| Untracked 
| 126|0x0000000749a00000, 0x0000000749a00000, 0x0000000749b00000|  0%| F|  |TAMS 0x0000000749a00000, 0x0000000749a00000| Untracked 
| 127|0x0000000749b00000, 0x0000000749b00000, 0x0000000749c00000|  0%| F|  |TAMS 0x0000000749b00000, 0x0000000749b00000| Untracked 
| 128|0x0000000749c00000, 0x0000000749c00000, 0x0000000749d00000|  0%| F|  |TAMS 0x0000000749c00000, 0x0000000749c00000| Untracked 
| 129|0x0000000749d00000, 0x0000000749d00000, 0x0000000749e00000|  0%| F|  |TAMS 0x0000000749d00000, 0x0000000749d00000| Untracked 
| 130|0x0000000749e00000, 0x0000000749e00000, 0x0000000749f00000|  0%| F|  |TAMS 0x0000000749e00000, 0x0000000749e00000| Untracked 
| 131|0x0000000749f00000, 0x0000000749f00000, 0x000000074a000000|  0%| F|  |TAMS 0x0000000749f00000, 0x0000000749f00000| Untracked 
| 132|0x000000074a000000, 0x000000074a000000, 0x000000074a100000|  0%| F|  |TAMS 0x000000074a000000, 0x000000074a000000| Untracked 
| 133|0x000000074a100000, 0x000000074a100000, 0x000000074a200000|  0%| F|  |TAMS 0x000000074a100000, 0x000000074a100000| Untracked 
| 134|0x000000074a200000, 0x000000074a200000, 0x000000074a300000|  0%| F|  |TAMS 0x000000074a200000, 0x000000074a200000| Untracked 
| 135|0x000000074a300000, 0x000000074a300000, 0x000000074a400000|  0%| F|  |TAMS 0x000000074a300000, 0x000000074a300000| Untracked 
| 136|0x000000074a400000, 0x000000074a400000, 0x000000074a500000|  0%| F|  |TAMS 0x000000074a400000, 0x000000074a400000| Untracked 
| 137|0x000000074a500000, 0x000000074a500000, 0x000000074a600000|  0%| F|  |TAMS 0x000000074a500000, 0x000000074a500000| Untracked 
| 138|0x000000074a600000, 0x000000074a600000, 0x000000074a700000|  0%| F|  |TAMS 0x000000074a600000, 0x000000074a600000| Untracked 
| 139|0x000000074a700000, 0x000000074a700000, 0x000000074a800000|  0%| F|  |TAMS 0x000000074a700000, 0x000000074a700000| Untracked 
| 140|0x000000074a800000, 0x000000074a800000, 0x000000074a900000|  0%| F|  |TAMS 0x000000074a800000, 0x000000074a800000| Untracked 
| 141|0x000000074a900000, 0x000000074a900000, 0x000000074aa00000|  0%| F|  |TAMS 0x000000074a900000, 0x000000074a900000| Untracked 
| 142|0x000000074aa00000, 0x000000074aa00000, 0x000000074ab00000|  0%| F|  |TAMS 0x000000074aa00000, 0x000000074aa00000| Untracked 
| 143|0x000000074ab00000, 0x000000074ab00000, 0x000000074ac00000|  0%| F|  |TAMS 0x000000074ab00000, 0x000000074ab00000| Untracked 
| 144|0x000000074ac00000, 0x000000074ac00000, 0x000000074ad00000|  0%| F|  |TAMS 0x000000074ac00000, 0x000000074ac00000| Untracked 
| 145|0x000000074ad00000, 0x000000074ad00000, 0x000000074ae00000|  0%| F|  |TAMS 0x000000074ad00000, 0x000000074ad00000| Untracked 
| 146|0x000000074ae00000, 0x000000074ae00000, 0x000000074af00000|  0%| F|  |TAMS 0x000000074ae00000, 0x000000074ae00000| Untracked 
| 147|0x000000074af00000, 0x000000074af00000, 0x000000074b000000|  0%| F|  |TAMS 0x000000074af00000, 0x000000074af00000| Untracked 
| 148|0x000000074b000000, 0x000000074b000000, 0x000000074b100000|  0%| F|  |TAMS 0x000000074b000000, 0x000000074b000000| Untracked 
| 149|0x000000074b100000, 0x000000074b100000, 0x000000074b200000|  0%| F|  |TAMS 0x000000074b100000, 0x000000074b100000| Untracked 
| 150|0x000000074b200000, 0x000000074b200000, 0x000000074b300000|  0%| F|  |TAMS 0x000000074b200000, 0x000000074b200000| Untracked 
| 151|0x000000074b300000, 0x000000074b300000, 0x000000074b400000|  0%| F|  |TAMS 0x000000074b300000, 0x000000074b300000| Untracked 
| 152|0x000000074b400000, 0x000000074b400000, 0x000000074b500000|  0%| F|  |TAMS 0x000000074b400000, 0x000000074b400000| Untracked 
| 153|0x000000074b500000, 0x000000074b500000, 0x000000074b600000|  0%| F|  |TAMS 0x000000074b500000, 0x000000074b500000| Untracked 
| 154|0x000000074b600000, 0x000000074b600000, 0x000000074b700000|  0%| F|  |TAMS 0x000000074b600000, 0x000000074b600000| Untracked 
| 155|0x000000074b700000, 0x000000074b700000, 0x000000074b800000|  0%| F|  |TAMS 0x000000074b700000, 0x000000074b700000| Untracked 
| 156|0x000000074b800000, 0x000000074b800000, 0x000000074b900000|  0%| F|  |TAMS 0x000000074b800000, 0x000000074b800000| Untracked 
| 157|0x000000074b900000, 0x000000074b900000, 0x000000074ba00000|  0%| F|  |TAMS 0x000000074b900000, 0x000000074b900000| Untracked 
| 158|0x000000074ba00000, 0x000000074ba00000, 0x000000074bb00000|  0%| F|  |TAMS 0x000000074ba00000, 0x000000074ba00000| Untracked 
| 159|0x000000074bb00000, 0x000000074bb00000, 0x000000074bc00000|  0%| F|  |TAMS 0x000000074bb00000, 0x000000074bb00000| Untracked 
| 160|0x000000074bc00000, 0x000000074bc00000, 0x000000074bd00000|  0%| F|  |TAMS 0x000000074bc00000, 0x000000074bc00000| Untracked 
| 161|0x000000074bd00000, 0x000000074bd00000, 0x000000074be00000|  0%| F|  |TAMS 0x000000074bd00000, 0x000000074bd00000| Untracked 
| 162|0x000000074be00000, 0x000000074be00000, 0x000000074bf00000|  0%| F|  |TAMS 0x000000074be00000, 0x000000074be00000| Untracked 
| 163|0x000000074bf00000, 0x000000074bf00000, 0x000000074c000000|  0%| F|  |TAMS 0x000000074bf00000, 0x000000074bf00000| Untracked 
| 164|0x000000074c000000, 0x000000074c000000, 0x000000074c100000|  0%| F|  |TAMS 0x000000074c000000, 0x000000074c000000| Untracked 
| 165|0x000000074c100000, 0x000000074c100000, 0x000000074c200000|  0%| F|  |TAMS 0x000000074c100000, 0x000000074c100000| Untracked 
| 166|0x000000074c200000, 0x000000074c200000, 0x000000074c300000|  0%| F|  |TAMS 0x000000074c200000, 0x000000074c200000| Untracked 
| 167|0x000000074c300000, 0x000000074c300000, 0x000000074c400000|  0%| F|  |TAMS 0x000000074c300000, 0x000000074c300000| Untracked 
| 168|0x000000074c400000, 0x000000074c400000, 0x000000074c500000|  0%| F|  |TAMS 0x000000074c400000, 0x000000074c400000| Untracked 
| 169|0x000000074c500000, 0x000000074c500000, 0x000000074c600000|  0%| F|  |TAMS 0x000000074c500000, 0x000000074c500000| Untracked 
| 170|0x000000074c600000, 0x000000074c600000, 0x000000074c700000|  0%| F|  |TAMS 0x000000074c600000, 0x000000074c600000| Untracked 
| 171|0x000000074c700000, 0x000000074c700000, 0x000000074c800000|  0%| F|  |TAMS 0x000000074c700000, 0x000000074c700000| Untracked 
| 172|0x000000074c800000, 0x000000074c800000, 0x000000074c900000|  0%| F|  |TAMS 0x000000074c800000, 0x000000074c800000| Untracked 
| 173|0x000000074c900000, 0x000000074c900000, 0x000000074ca00000|  0%| F|  |TAMS 0x000000074c900000, 0x000000074c900000| Untracked 
| 174|0x000000074ca00000, 0x000000074ca00000, 0x000000074cb00000|  0%| F|  |TAMS 0x000000074ca00000, 0x000000074ca00000| Untracked 
| 175|0x000000074cb00000, 0x000000074cb00000, 0x000000074cc00000|  0%| F|  |TAMS 0x000000074cb00000, 0x000000074cb00000| Untracked 
| 176|0x000000074cc00000, 0x000000074cc00000, 0x000000074cd00000|  0%| F|  |TAMS 0x000000074cc00000, 0x000000074cc00000| Untracked 
| 177|0x000000074cd00000, 0x000000074cd00000, 0x000000074ce00000|  0%| F|  |TAMS 0x000000074cd00000, 0x000000074cd00000| Untracked 
| 178|0x000000074ce00000, 0x000000074ce00000, 0x000000074cf00000|  0%| F|  |TAMS 0x000000074ce00000, 0x000000074ce00000| Untracked 
| 179|0x000000074cf00000, 0x000000074cf00000, 0x000000074d000000|  0%| F|  |TAMS 0x000000074cf00000, 0x000000074cf00000| Untracked 
| 180|0x000000074d000000, 0x000000074d000000, 0x000000074d100000|  0%| F|  |TAMS 0x000000074d000000, 0x000000074d000000| Untracked 
| 181|0x000000074d100000, 0x000000074d100000, 0x000000074d200000|  0%| F|  |TAMS 0x000000074d100000, 0x000000074d100000| Untracked 
| 182|0x000000074d200000, 0x000000074d200000, 0x000000074d300000|  0%| F|  |TAMS 0x000000074d200000, 0x000000074d200000| Untracked 
| 183|0x000000074d300000, 0x000000074d300000, 0x000000074d400000|  0%| F|  |TAMS 0x000000074d300000, 0x000000074d300000| Untracked 
| 184|0x000000074d400000, 0x000000074d400000, 0x000000074d500000|  0%| F|  |TAMS 0x000000074d400000, 0x000000074d400000| Untracked 
| 185|0x000000074d500000, 0x000000074d500000, 0x000000074d600000|  0%| F|  |TAMS 0x000000074d500000, 0x000000074d500000| Untracked 
| 186|0x000000074d600000, 0x000000074d600000, 0x000000074d700000|  0%| F|  |TAMS 0x000000074d600000, 0x000000074d600000| Untracked 
| 187|0x000000074d700000, 0x000000074d700000, 0x000000074d800000|  0%| F|  |TAMS 0x000000074d700000, 0x000000074d700000| Untracked 
| 188|0x000000074d800000, 0x000000074d800000, 0x000000074d900000|  0%| F|  |TAMS 0x000000074d800000, 0x000000074d800000| Untracked 
| 189|0x000000074d900000, 0x000000074d900000, 0x000000074da00000|  0%| F|  |TAMS 0x000000074d900000, 0x000000074d900000| Untracked 
| 190|0x000000074da00000, 0x000000074da00000, 0x000000074db00000|  0%| F|  |TAMS 0x000000074da00000, 0x000000074da00000| Untracked 
| 191|0x000000074db00000, 0x000000074db00000, 0x000000074dc00000|  0%| F|  |TAMS 0x000000074db00000, 0x000000074db00000| Untracked 

Card table byte_map: [0x000001f4ad7f0000,0x000001f4addf0000] _byte_map_base: 0x000001f4a9de2000

Marking Bits (Prev, Next): (CMBitMap*) 0x000001f49594b860, (CMBitMap*) 0x000001f49594b828
 Prev Bits: [0x000001f4b1380000, 0x000001f4b4310000)
 Next Bits: [0x000001f4ae3f0000, 0x000001f4b1380000)

Polling page: 0x000001f493690000

Metaspace:

Usage:
  Non-class:     25.67 MB capacity,    25.03 MB ( 97%) used,   543.89 KB (  2%) free+waste,   115.06 KB ( <1%) overhead. 
      Class:      3.91 MB capacity,     3.52 MB ( 90%) used,   339.69 KB (  8%) free+waste,    58.94 KB (  1%) overhead. 
       Both:     29.58 MB capacity,    28.55 MB ( 97%) used,   883.58 KB (  3%) free+waste,   174.00 KB ( <1%) overhead. 

Virtual space:
  Non-class space:       34.00 MB reserved,      25.67 MB ( 76%) committed 
      Class space:        1.00 GB reserved,       4.00 MB ( <1%) committed 
             Both:        1.03 GB reserved,      29.67 MB (  3%) committed 

Chunk freelists:
   Non-Class:  0 bytes
       Class:  28.00 KB
        Both:  28.00 KB

MaxMetaspaceSize: 17179869184.00 GB
CompressedClassSpaceSize: 1.00 GB

CodeHeap 'non-profiled nmethods': size=238912Kb used=4915Kb max_used=4915Kb free=233996Kb
 bounds [0x000001f49e8a0000, 0x000001f49ed70000, 0x000001f4ad1f0000]
CodeHeap 'non-nmethods': size=6848Kb used=1153Kb max_used=1153Kb free=5694Kb
 bounds [0x000001f49e1f0000, 0x000001f49e460000, 0x000001f49e8a0000]
 total_blobs=3662 nmethods=3185 adapters=402
 compilation: enabled
              stopped_count=0, restarted_count=0
 full_count=0

Compilation events (20 events):
Event: 3.822 Thread 0x000001f4b6836800 nmethod 3178 0x000001f49ed64e10 code [0x000001f49ed64fe0, 0x000001f49ed65138]
Event: 3.822 Thread 0x000001f4b6836800 3176       1       org.springframework.core.MethodParameter::getNestingLevel (5 bytes)
Event: 3.822 Thread 0x000001f4b6836800 nmethod 3176 0x000001f49ed65210 code [0x000001f49ed653c0, 0x000001f49ed65478]
Event: 3.824 Thread 0x000001f4b6836800 3179       1       org.springframework.util.ReflectionUtils$$Lambda$429/0x0000000800381440::doWith (9 bytes)
Event: 3.824 Thread 0x000001f4b6836800 nmethod 3179 0x000001f49ed65510 code [0x000001f49ed656c0, 0x000001f49ed657a8]
Event: 3.824 Thread 0x000001f4b6836800 3180       1       sun.reflect.generics.factory.CoreReflectionFactory::make (10 bytes)
Event: 3.824 Thread 0x000001f4b6836800 nmethod 3180 0x000001f49ed65810 code [0x000001f49ed659c0, 0x000001f49ed65b58]
Event: 3.824 Thread 0x000001f4b6836800 3181       1       sun.reflect.generics.factory.CoreReflectionFactory::<init> (15 bytes)
Event: 3.824 Thread 0x000001f4b6836800 nmethod 3181 0x000001f49ed65c10 code [0x000001f49ed65dc0, 0x000001f49ed65f18]
Event: 3.825 Thread 0x000001f4b6836800 3182   !   1       org.springframework.beans.factory.support.AbstractBeanFactory::getMergedBeanDefinition (371 bytes)
Event: 3.828 Thread 0x000001f4b6836800 nmethod 3182 0x000001f49ed65f90 code [0x000001f49ed663a0, 0x000001f49ed676b8]
Event: 3.837 Thread 0x000001f4b6836800 3183       1       org.springframework.beans.factory.support.AbstractBeanDefinition::<init> (461 bytes)
Event: 3.840 Thread 0x000001f4b6836800 nmethod 3183 0x000001f49ed68890 code [0x000001f49ed68ce0, 0x000001f49ed6af88]
Event: 3.840 Thread 0x000001f4b6836800 3184       1       org.springframework.beans.factory.support.RootBeanDefinition::setParentName (15 bytes)
Event: 3.840 Thread 0x000001f4b6836800 nmethod 3184 0x000001f49ed6ba10 code [0x000001f49ed6bbc0, 0x000001f49ed6bce8]
Event: 3.840 Thread 0x000001f4b6836800 3185       1       org.springframework.beans.factory.support.AbstractBeanDefinition::copyQualifiersFrom (20 bytes)
Event: 3.840 Thread 0x000001f4b6836800 nmethod 3185 0x000001f49ed6bd90 code [0x000001f49ed6bf60, 0x000001f49ed6c0d8]
Event: 3.864 Thread 0x000001f4b6836800 3186       1       org.springframework.util.ReflectionUtils::isCglibRenamedMethod (79 bytes)
Event: 3.865 Thread 0x000001f4b6836800 nmethod 3186 0x000001f49ed6c210 code [0x000001f49ed6c420, 0x000001f49ed6c8c8]
Event: 3.869 Thread 0x000001f4b6836800 3187   !   1       org.springframework.beans.factory.support.AbstractAutowireCapableBeanFactory::getTypeForFactoryMethod (544 bytes)

GC Heap History (12 events):
Event: 1.426 GC heap before
{Heap before GC invocations=0 (full 0):
 garbage-first heap   total 196608K, used 14336K [0x0000000741c00000, 0x0000000800000000)
  region size 1024K, 14 young (14336K), 0 survivors (0K)
 Metaspace       used 12126K, capacity 12416K, committed 12672K, reserved 1060864K
  class space    used 1248K, capacity 1372K, committed 1408K, reserved 1048576K
}
Event: 1.570 GC heap after
{Heap after GC invocations=1 (full 0):
 garbage-first heap   total 196608K, used 7575K [0x0000000741c00000, 0x0000000800000000)
  region size 1024K, 2 young (2048K), 2 survivors (2048K)
 Metaspace       used 12126K, capacity 12416K, committed 12672K, reserved 1060864K
  class space    used 1248K, capacity 1372K, committed 1408K, reserved 1048576K
}
Event: 1.798 GC heap before
{Heap before GC invocations=1 (full 0):
 garbage-first heap   total 196608K, used 14743K [0x0000000741c00000, 0x0000000800000000)
  region size 1024K, 9 young (9216K), 2 survivors (2048K)
 Metaspace       used 13916K, capacity 14310K, committed 14464K, reserved 1062912K
  class space    used 1451K, capacity 1560K, committed 1664K, reserved 1048576K
}
Event: 1.802 GC heap after
{Heap after GC invocations=2 (full 0):
 garbage-first heap   total 196608K, used 8438K [0x0000000741c00000, 0x0000000800000000)
  region size 1024K, 1 young (1024K), 1 survivors (1024K)
 Metaspace       used 13916K, capacity 14310K, committed 14464K, reserved 1062912K
  class space    used 1451K, capacity 1560K, committed 1664K, reserved 1048576K
}
Event: 2.570 GC heap before
{Heap before GC invocations=2 (full 0):
 garbage-first heap   total 196608K, used 30966K [0x0000000741c00000, 0x0000000800000000)
  region size 1024K, 24 young (24576K), 1 survivors (1024K)
 Metaspace       used 18943K, capacity 19579K, committed 19840K, reserved 1067008K
  class space    used 2175K, capacity 2395K, committed 2432K, reserved 1048576K
}
Event: 2.573 GC heap after
{Heap after GC invocations=3 (full 0):
 garbage-first heap   total 196608K, used 9983K [0x0000000741c00000, 0x0000000800000000)
  region size 1024K, 3 young (3072K), 3 survivors (3072K)
 Metaspace       used 18943K, capacity 19579K, committed 19840K, reserved 1067008K
  class space    used 2175K, capacity 2395K, committed 2432K, reserved 1048576K
}
Event: 2.696 GC heap before
{Heap before GC invocations=3 (full 0):
 garbage-first heap   total 196608K, used 17151K [0x0000000741c00000, 0x0000000800000000)
  region size 1024K, 12 young (12288K), 3 survivors (3072K)
 Metaspace       used 20513K, capacity 21134K, committed 21296K, reserved 1069056K
  class space    used 2371K, capacity 2620K, committed 2688K, reserved 1048576K
}
Event: 2.700 GC heap after
{Heap after GC invocations=4 (full 0):
 garbage-first heap   total 196608K, used 10230K [0x0000000741c00000, 0x0000000800000000)
  region size 1024K, 3 young (3072K), 3 survivors (3072K)
 Metaspace       used 20513K, capacity 21134K, committed 21296K, reserved 1069056K
  class space    used 2371K, capacity 2620K, committed 2688K, reserved 1048576K
}
Event: 3.100 GC heap before
{Heap before GC invocations=5 (full 0):
 garbage-first heap   total 196608K, used 49142K [0x0000000741c00000, 0x0000000800000000)
  region size 1024K, 42 young (43008K), 3 survivors (3072K)
 Metaspace       used 24582K, capacity 25469K, committed 25520K, reserved 1071104K
  class space    used 2946K, capacity 3310K, committed 3328K, reserved 1048576K
}
Event: 3.106 GC heap after
{Heap after GC invocations=6 (full 0):
 garbage-first heap   total 196608K, used 12192K [0x0000000741c00000, 0x0000000800000000)
  region size 1024K, 5 young (5120K), 5 survivors (5120K)
 Metaspace       used 24582K, capacity 25469K, committed 25520K, reserved 1071104K
  class space    used 2946K, capacity 3310K, committed 3328K, reserved 1048576K
}
Event: 3.871 GC heap before
{Heap before GC invocations=6 (full 0):
 garbage-first heap   total 196608K, used 96160K [0x0000000741c00000, 0x0000000800000000)
  region size 1024K, 89 young (91136K), 5 survivors (5120K)
 Metaspace       used 29234K, capacity 30292K, committed 30384K, reserved 1081344K
  class space    used 3605K, capacity 4004K, committed 4096K, reserved 1048576K
}
Event: 3.884 GC heap after
{Heap after GC invocations=7 (full 0):
 garbage-first heap   total 196608K, used 14984K [0x0000000741c00000, 0x0000000800000000)
  region size 1024K, 8 young (8192K), 8 survivors (8192K)
 Metaspace       used 29234K, capacity 30292K, committed 30384K, reserved 1081344K
  class space    used 3605K, capacity 4004K, committed 4096K, reserved 1048576K
}

Deoptimization events (2 events):
Event: 3.727 Thread 0x000001f4958fc800 DEOPT PACKING pc=0x000001f49ebc8b2c sp=0x000000aece9fdc20
Event: 3.728 Thread 0x000001f4958fc800 DEOPT UNPACKING pc=0x000001f49e21754e sp=0x000000aece9fd188 mode 0

Classes redefined (0 events):
No events

Internal exceptions (20 events):
Event: 2.894 Thread 0x000001f4b87e2800 Exception <a 'java/lang/NoSuchMethodError'{0x000000074cb645d0}: 'long java.lang.invoke.DirectMethodHandle$Holder.invokeStatic(java.lang.Object, java.lang.Object)'> (0x000000074cb645d0) thrown at [./src/hotspot/share/interpreter/linkResolver.cpp, line 773]
Event: 2.894 Thread 0x000001f4b87e2800 Exception <a 'java/lang/NoSuchMethodError'{0x000000074cb673f8}: 'long java.lang.invoke.DirectMethodHandle$Holder.invokeStaticInit(java.lang.Object, java.lang.Object)'> (0x000000074cb673f8) thrown at [./src/hotspot/share/interpreter/linkResolver.cpp, line 773]
Event: 2.894 Thread 0x000001f4958fc800 Exception <a 'java/lang/ClassNotFoundException'{0x000000074cb82628}: org/springframework/beans/factory/config/BeanFactoryPostProcessorCustomizer> (0x000000074cb82628) thrown at [./src/hotspot/share/classfile/systemDictionary.cpp, line 234]
Event: 2.895 Thread 0x000001f4958fc800 Exception <a 'java/lang/ClassNotFoundException'{0x000000074cb94168}: org/springframework/core/PriorityOrderedCustomizer> (0x000000074cb94168) thrown at [./src/hotspot/share/classfile/systemDictionary.cpp, line 234]
Event: 2.896 Thread 0x000001f4958fc800 Exception <a 'java/lang/ClassNotFoundException'{0x000000074cba3930}: org/springframework/core/OrderedCustomizer> (0x000000074cba3930) thrown at [./src/hotspot/share/classfile/systemDictionary.cpp, line 234]
Event: 2.897 Thread 0x000001f4958fc800 Exception <a 'java/lang/ClassNotFoundException'{0x000000074cbb5f00}: org/springframework/context/ResourceLoaderAwareCustomizer> (0x000000074cbb5f00) thrown at [./src/hotspot/share/classfile/systemDictionary.cpp, line 234]
Event: 2.897 Thread 0x000001f4958fc800 Exception <a 'java/lang/ClassNotFoundException'{0x000000074cbc7508}: org/springframework/beans/factory/AwareCustomizer> (0x000000074cbc7508) thrown at [./src/hotspot/share/classfile/systemDictionary.cpp, line 234]
Event: 2.898 Thread 0x000001f4b87e2800 Exception <a 'java/lang/NoSuchMethodError'{0x000000074ca108f8}: 'long java.lang.invoke.DirectMethodHandle$Holder.invokeInterface(java.lang.Object, java.lang.Object)'> (0x000000074ca108f8) thrown at [./src/hotspot/share/interpreter/linkResolver.cpp, line 773]
Event: 2.898 Thread 0x000001f4b87e2800 Exception <a 'java/lang/IncompatibleClassChangeError'{0x000000074ca13690}: Found class java.lang.Object, but interface was expected> (0x000000074ca13690) thrown at [./src/hotspot/share/interpreter/linkResolver.cpp, line 839]
Event: 2.898 Thread 0x000001f4958fc800 Exception <a 'java/lang/ClassNotFoundException'{0x000000074cbd9898}: org/springframework/context/ApplicationStartupAwareCustomizer> (0x000000074cbd9898) thrown at [./src/hotspot/share/classfile/systemDictionary.cpp, line 234]
Event: 2.899 Thread 0x000001f4958fc800 Exception <a 'java/lang/ClassNotFoundException'{0x000000074cbeb118}: org/springframework/beans/factory/AwareCustomizer> (0x000000074cbeb118) thrown at [./src/hotspot/share/classfile/systemDictionary.cpp, line 234]
Event: 2.900 Thread 0x000001f4958fc800 Exception <a 'java/lang/ClassNotFoundException'{0x000000074cbfd900}: org/springframework/beans/factory/BeanClassLoaderAwareCustomizer> (0x000000074cbfd900) thrown at [./src/hotspot/share/classfile/systemDictionary.cpp, line 234]
Event: 2.901 Thread 0x000001f4958fc800 Exception <a 'java/lang/ClassNotFoundException'{0x000000074ca3aba0}: org/springframework/beans/factory/AwareCustomizer> (0x000000074ca3aba0) thrown at [./src/hotspot/share/classfile/systemDictionary.cpp, line 234]
Event: 2.902 Thread 0x000001f4958fc800 Exception <a 'java/lang/ClassNotFoundException'{0x000000074ca4bf68}: org/springframework/context/EnvironmentAwareCustomizer> (0x000000074ca4bf68) thrown at [./src/hotspot/share/classfile/systemDictionary.cpp, line 234]
Event: 2.903 Thread 0x000001f4958fc800 Exception <a 'java/lang/ClassNotFoundException'{0x000000074ca5d500}: org/springframework/beans/factory/AwareCustomizer> (0x000000074ca5d500) thrown at [./src/hotspot/share/classfile/systemDictionary.cpp, line 234]
Event: 2.914 Thread 0x000001f4b87e2800 Exception <a 'java/lang/NoSuchMethodError'{0x000000074c9ab8a0}: 'java.lang.Object java.lang.invoke.DirectMethodHandle$Holder.invokeVirtual(java.lang.Object, java.lang.Object, java.lang.Object, java.lang.Object)'> (0x000000074c9ab8a0) thrown at [./src/hotspot/share/interpreter/linkResolver.cpp, line 773]
Event: 3.148 Thread 0x000001f4958fc800 Exception <a 'java/lang/IncompatibleClassChangeError'{0x000000074c0eb070}: Found class java.lang.Object, but interface was expected> (0x000000074c0eb070) thrown at [./src/hotspot/share/interpreter/linkResolver.cpp, line 839]
Event: 3.181 Thread 0x000001f4958fc800 Exception <a 'java/lang/NoSuchMethodError'{0x000000074bdc51d0}: 'void java.lang.invoke.DirectMethodHandle$Holder.invokeInterface(java.lang.Object, java.lang.Object, java.lang.Object, java.lang.Object)'> (0x000000074bdc51d0) thrown at [./src/hotspot/share/interpreter/linkResolver.cpp, line 773]
Event: 3.272 Thread 0x000001f4958fc800 Exception <a 'java/lang/NoSuchMethodError'{0x000000074b896728}: 'void java.lang.invoke.DelegatingMethodHandle$Holder.delegate(java.lang.Object, java.lang.Object, int, java.lang.Object)'> (0x000000074b896728) thrown at [./src/hotspot/share/interpreter/linkResolver.cpp, line 773]
Event: 3.394 Thread 0x000001f4b89a5800 Exception <a 'java/lang/reflect/InvocationTargetException'{0x000000074a8096d0}> (0x000000074a8096d0) thrown at [./src/hotspot/share/runtime/reflection.cpp, line 1247]

Events (20 events):
Event: 3.862 loading class org/springframework/data/rest/webmvc/config/RepositoryRestConfigurerDelegate done
Event: 3.863 loading class org/springframework/data/rest/webmvc/config/RepositoryRestConfigurer
Event: 3.863 loading class org/springframework/data/rest/webmvc/config/RepositoryRestConfigurer done
Event: 3.863 loading class org/springframework/data/rest/webmvc/support/PagingAndSortingTemplateVariables
Event: 3.863 loading class org/springframework/data/rest/webmvc/support/PagingAndSortingTemplateVariables done
Event: 3.864 loading class org/springframework/data/rest/webmvc/config/StaticResourceProvider
Event: 3.864 loading class org/springframework/data/rest/webmvc/config/StaticResourceProvider done
Event: 3.864 loading class org/springframework/data/web/PagedResourcesAssemblerArgumentResolver
Event: 3.864 loading class org/springframework/data/web/PagedResourcesAssemblerArgumentResolver done
Event: 3.864 loading class org/springframework/data/web/PagedResourcesAssembler
Event: 3.864 loading class org/springframework/data/web/PagedResourcesAssembler done
Event: 3.866 loading class org/springframework/hateoas/server/RepresentationModelAssembler
Event: 3.866 loading class org/springframework/hateoas/server/RepresentationModelAssembler done
Event: 3.866 loading class org/springframework/data/web/config/SortHandlerMethodArgumentResolverCustomizer
Event: 3.866 loading class org/springframework/data/web/config/SortHandlerMethodArgumentResolverCustomizer done
Event: 3.867 loading class org/springframework/data/web/config/PageableHandlerMethodArgumentResolverCustomizer
Event: 3.867 loading class org/springframework/data/web/config/PageableHandlerMethodArgumentResolverCustomizer done
Event: 3.869 loading class org/springframework/beans/factory/support/AutowireUtils
Event: 3.869 loading class org/springframework/beans/factory/support/AutowireUtils done
Event: 3.871 Executing VM operation: CollectForMetadataAllocation


Dynamic libraries:
0x00007ff6ccc60000 - 0x00007ff6ccc6d000 	C:\Zulu-openJDK-11\bin\java.exe
0x00007ffe91670000 - 0x00007ffe91865000 	C:\Windows\SYSTEM32\ntdll.dll
0x00007ffe90440000 - 0x00007ffe904fe000 	C:\Windows\System32\KERNEL32.DLL
0x00007ffe8f310000 - 0x00007ffe8f5d8000 	C:\Windows\System32\KERNELBASE.dll
0x00007ffe8ef20000 - 0x00007ffe8f020000 	C:\Windows\System32\ucrtbase.dll
0x00007ffe80a20000 - 0x00007ffe80a37000 	C:\Zulu-openJDK-11\bin\jli.dll
0x00007ffe90680000 - 0x00007ffe90820000 	C:\Windows\System32\USER32.dll
0x00007ffe8ed90000 - 0x00007ffe8edb2000 	C:\Windows\System32\win32u.dll
0x00007ffe8faf0000 - 0x00007ffe8fb1a000 	C:\Windows\System32\GDI32.dll
0x00007ffe8f020000 - 0x00007ffe8f12b000 	C:\Windows\System32\gdi32full.dll
0x00007ffe8f1c0000 - 0x00007ffe8f25d000 	C:\Windows\System32\msvcp_win.dll
0x00007ffe87f00000 - 0x00007ffe87f15000 	C:\Zulu-openJDK-11\bin\VCRUNTIME140.dll
0x00007ffe73c70000 - 0x00007ffe73f0a000 	C:\Windows\WinSxS\amd64_microsoft.windows.common-controls_6595b64144ccf1df_6.0.19041.1110_none_60b5254171f9507e\COMCTL32.dll
0x00007ffe903a0000 - 0x00007ffe9043e000 	C:\Windows\System32\msvcrt.dll
0x00007ffe90880000 - 0x00007ffe908b0000 	C:\Windows\System32\IMM32.DLL
0x00007ffe67030000 - 0x00007ffe670cb000 	C:\Zulu-openJDK-11\bin\msvcp140.dll
0x00007ffe38080000 - 0x00007ffe38b41000 	C:\Zulu-openJDK-11\bin\server\jvm.dll
0x00007ffe909b0000 - 0x00007ffe90a5e000 	C:\Windows\System32\ADVAPI32.dll
0x00007ffe8f880000 - 0x00007ffe8f91c000 	C:\Windows\System32\sechost.dll
0x00007ffe8fb20000 - 0x00007ffe8fc45000 	C:\Windows\System32\RPCRT4.dll
0x00007ffe909a0000 - 0x00007ffe909a8000 	C:\Windows\System32\PSAPI.DLL
0x00007ffe81870000 - 0x00007ffe81879000 	C:\Windows\SYSTEM32\WSOCK32.dll
0x00007ffe90930000 - 0x00007ffe9099b000 	C:\Windows\System32\WS2_32.dll
0x00007ffe6f100000 - 0x00007ffe6f127000 	C:\Windows\SYSTEM32\WINMM.dll
0x00007ffe83e90000 - 0x00007ffe83e9a000 	C:\Windows\SYSTEM32\VERSION.dll
0x00007ffe8ce50000 - 0x00007ffe8ce62000 	C:\Windows\SYSTEM32\kernel.appcore.dll
0x00007ffe87ef0000 - 0x00007ffe87f00000 	C:\Zulu-openJDK-11\bin\verify.dll
0x00007ffe8ca30000 - 0x00007ffe8cc14000 	C:\Windows\SYSTEM32\DBGHELP.DLL
0x00007ffe83420000 - 0x00007ffe8344c000 	C:\Windows\SYSTEM32\dbgcore.DLL
0x00007ffe8f130000 - 0x00007ffe8f1b2000 	C:\Windows\System32\bcryptPrimitives.dll
0x00007ffe7d0d0000 - 0x00007ffe7d0f8000 	C:\Zulu-openJDK-11\bin\java.dll
0x00007ffe83e40000 - 0x00007ffe83e4a000 	C:\Zulu-openJDK-11\bin\jimage.dll
0x00007ffe81680000 - 0x00007ffe8168e000 	C:\Zulu-openJDK-11\bin\instrument.dll
0x00007ffe7d400000 - 0x00007ffe7d417000 	C:\Zulu-openJDK-11\bin\zip.dll
0x00007ffe8fc50000 - 0x00007ffe90394000 	C:\Windows\System32\SHELL32.dll
0x00007ffe8ce70000 - 0x00007ffe8d604000 	C:\Windows\SYSTEM32\windows.storage.dll
0x00007ffe90a60000 - 0x00007ffe90db4000 	C:\Windows\System32\combase.dll
0x00007ffe8e720000 - 0x00007ffe8e74c000 	C:\Windows\SYSTEM32\Wldp.dll
0x00007ffe8fa40000 - 0x00007ffe8faed000 	C:\Windows\System32\SHCORE.dll
0x00007ffe91430000 - 0x00007ffe91485000 	C:\Windows\System32\shlwapi.dll
0x00007ffe8ecd0000 - 0x00007ffe8ecef000 	C:\Windows\SYSTEM32\profapi.dll
0x00007ffe7cc50000 - 0x00007ffe7cc69000 	C:\Zulu-openJDK-11\bin\net.dll
0x00007ffe83450000 - 0x00007ffe8355a000 	C:\Windows\SYSTEM32\WINHTTP.dll
0x00007ffe8e500000 - 0x00007ffe8e56a000 	C:\Windows\system32\mswsock.dll
0x00007ffe787c0000 - 0x00007ffe787d2000 	C:\Zulu-openJDK-11\bin\nio.dll
0x00007ffe78750000 - 0x00007ffe7876a000 	C:\Program Files\JetBrains\IntelliJ IDEA 2021.3.3\bin\breakgen64.dll
0x00007ffe8e210000 - 0x00007ffe8e2db000 	C:\Windows\SYSTEM32\DNSAPI.dll
0x00007ffe8e1c0000 - 0x00007ffe8e1fb000 	C:\Windows\SYSTEM32\IPHLPAPI.DLL
0x00007ffe91620000 - 0x00007ffe91628000 	C:\Windows\System32\NSI.dll
0x00007ffe82e00000 - 0x00007ffe82e0a000 	C:\Windows\System32\rasadhlp.dll
0x00007ffe82e10000 - 0x00007ffe82e8f000 	C:\Windows\System32\fwpuclnt.dll
0x00007ffe8f6a0000 - 0x00007ffe8f6c7000 	C:\Windows\System32\bcrypt.dll
0x00007ffe80c40000 - 0x00007ffe80c49000 	C:\Zulu-openJDK-11\bin\management.dll
0x00007ffe80ad0000 - 0x00007ffe80adb000 	C:\Zulu-openJDK-11\bin\management_ext.dll
0x00007ffe8ea40000 - 0x00007ffe8ea58000 	C:\Windows\SYSTEM32\CRYPTSP.dll
0x00007ffe8de30000 - 0x00007ffe8de64000 	C:\Windows\system32\rsaenh.dll
0x00007ffe8ec90000 - 0x00007ffe8ecbe000 	C:\Windows\SYSTEM32\USERENV.dll
0x00007ffe8e690000 - 0x00007ffe8e69c000 	C:\Windows\SYSTEM32\CRYPTBASE.dll
0x00007ffe83d30000 - 0x00007ffe83d47000 	C:\Windows\SYSTEM32\dhcpcsvc6.DLL
0x00007ffe83d10000 - 0x00007ffe83d2d000 	C:\Windows\SYSTEM32\dhcpcsvc.DLL
0x00007ffe74000000 - 0x00007ffe74017000 	C:\Windows\system32\napinsp.dll
0x00007ffe73c50000 - 0x00007ffe73c6b000 	C:\Windows\system32\pnrpnsp.dll
0x00007ffe88dc0000 - 0x00007ffe88dd5000 	C:\Windows\system32\wshbth.dll
0x00007ffe85ca0000 - 0x00007ffe85cbd000 	C:\Windows\system32\NLAapi.dll
0x00007ffe73c30000 - 0x00007ffe73c42000 	C:\Windows\System32\winrnr.dll

dbghelp: loaded successfully - version: 4.0.5 - missing functions: none
symbol engine: initialized successfully - sym options: 0x614 - pdb path: .;C:\Zulu-openJDK-11\bin;C:\Windows\SYSTEM32;C:\Windows\WinSxS\amd64_microsoft.windows.common-controls_6595b64144ccf1df_6.0.19041.1110_none_60b5254171f9507e;C:\Zulu-openJDK-11\bin\server;C:\Program Files\JetBrains\IntelliJ IDEA 2021.3.3\bin

VM Arguments:
jvm_args: -XX:TieredStopAtLevel=1 -Xverify:none -Dspring.output.ansi.enabled=always -Dcom.sun.management.jmxremote -Dspring.jmx.enabled=true -Dspring.liveBeansView.mbeanDomain -Dspring.application.admin.enabled=true -javaagent:C:\Program Files\JetBrains\IntelliJ IDEA 2021.3.3\lib\idea_rt.jar=60567:C:\Program Files\JetBrains\IntelliJ IDEA 2021.3.3\bin -Dfile.encoding=UTF-8 
java_command: backend.project.BackEndApplication
java_class_path (initial): C:\Taller_Sis\Backend_PROYECTO\backend_-ModaStore\projectBackend\target\classes;C:\Users\ARACELY\.m2\repository\org\springframework\boot\spring-boot-starter-web\2.5.4\spring-boot-starter-web-2.5.4.jar;C:\Users\ARACELY\.m2\repository\org\springframework\boot\spring-boot-starter\2.5.4\spring-boot-starter-2.5.4.jar;C:\Users\ARACELY\.m2\repository\org\springframework\boot\spring-boot\2.5.4\spring-boot-2.5.4.jar;C:\Users\ARACELY\.m2\repository\org\springframework\boot\spring-boot-autoconfigure\2.5.4\spring-boot-autoconfigure-2.5.4.jar;C:\Users\ARACELY\.m2\repository\org\springframework\boot\spring-boot-starter-logging\2.5.4\spring-boot-starter-logging-2.5.4.jar;C:\Users\ARACELY\.m2\repository\ch\qos\logback\logback-classic\1.2.5\logback-classic-1.2.5.jar;C:\Users\ARACELY\.m2\repository\ch\qos\logback\logback-core\1.2.5\logback-core-1.2.5.jar;C:\Users\ARACELY\.m2\repository\org\apache\logging\log4j\log4j-to-slf4j\2.14.1\log4j-to-slf4j-2.14.1.jar;C:\Users\ARACELY\.m2\repository\org\apache\logging\log4j\log4j-api\2.14.1\log4j-api-2.14.1.jar;C:\Users\ARACELY\.m2\repository\org\slf4j\jul-to-slf4j\1.7.32\jul-to-slf4j-1.7.32.jar;C:\Users\ARACELY\.m2\repository\jakarta\annotation\jakarta.annotation-api\1.3.5\jakarta.annotation-api-1.3.5.jar;C:\Users\ARACELY\.m2\repository\org\yaml\snakeyaml\1.28\snakeyaml-1.28.jar;C:\Users\ARACELY\.m2\repository\org\springframework\boot\spring-boot-starter-json\2.5.4\spring-boot-starter-json-2.5.4.jar;C:\Users\ARACELY\.m2\repository\com\fasterxml\jackson\core\jackson-databind\2.12.4\jackson-databind-2.12.4.jar;C:\Users\ARACELY\.m2\repository\com\fasterxml\jackson\datatype\jackson-datatype-jdk8\2.12.4\jackson-datatype-jdk8-2.12.4.jar;C:\Users\ARACELY\.m2\repository\com\fasterxml\jackson\datatype\jackson-datatype-jsr310\2.12.4\jackson-datatype-jsr310-2.12.4.jar;C:\Users\ARACELY\.m2\repository\com\fasterxml\jackson\module\jackson-module-parameter-names\2.12.4\jackson-module-parameter-names-2.12.4.jar;C:\Users\ARACELY\.m
Launcher Type: SUN_STANDARD

[Global flags]
     bool BytecodeVerificationLocal                = false                                     {product} {command line}
     bool BytecodeVerificationRemote               = false                                     {product} {command line}
     intx CICompilerCount                          = 3                                         {product} {ergonomic}
     uint ConcGCThreads                            = 1                                         {product} {ergonomic}
     uint G1ConcRefinementThreads                  = 4                                         {product} {ergonomic}
   size_t G1HeapRegionSize                         = 1048576                                   {product} {ergonomic}
    uintx GCDrainStackTargetSize                   = 64                                        {product} {ergonomic}
   size_t InitialHeapSize                          = 201326592                                 {product} {ergonomic}
     bool ManagementServer                         = true                                      {product} {command line}
   size_t MarkStackSize                            = 4194304                                   {product} {ergonomic}
   size_t MaxHeapSize                              = 3191865344                                {product} {ergonomic}
   size_t MaxNewSize                               = 1914699776                                {product} {ergonomic}
   size_t MinHeapDeltaBytes                        = 1048576                                   {product} {ergonomic}
    uintx NonNMethodCodeHeapSize                   = 6973028                                {pd product} {ergonomic}
    uintx NonProfiledCodeHeapSize                  = 244685212                              {pd product} {ergonomic}
    uintx ProfiledCodeHeapSize                     = 0                                      {pd product} {ergonomic}
    uintx ReservedCodeCacheSize                    = 251658240                              {pd product} {ergonomic}
     bool SegmentedCodeCache                       = true                                      {product} {ergonomic}
     intx TieredStopAtLevel                        = 1                                         {product} {command line}
     bool UseCompressedClassPointers               = true                                 {lp64_product} {ergonomic}
     bool UseCompressedOops                        = true                                 {lp64_product} {ergonomic}
     bool UseG1GC                                  = true                                      {product} {ergonomic}
     bool UseLargePagesIndividualAllocation        = false                                  {pd product} {ergonomic}

Logging:
Log output configuration:
 #0: stdout all=warning uptime,level,tags
 #1: stderr all=off uptime,level,tags

Environment Variables:
JAVA_HOME=C:\Zulu-openJDK-11
PATH=C:\Python310\Scripts\;C:\Python310\;C:\Zulu-openJDK-11\bin;C:\Program Files\Java\jdk-14.0.2\bin;C:\Program Files (x86)\Java\jre1.8.0_261\bin;C:\Windows\system32;C:\Windows;C:\Windows\System32\Wbem;C:\Windows\System32\WindowsPowerShell\v1.0\;C:\Windows\System32\OpenSSH\;C:\Program Files\Git\cmd;C:\Program Files (x86)\ZeroTier\One\;C:\Program Files\PuTTY\;C:\Program Files\Docker\Docker\resources\bin;C:\ProgramData\DockerDesktop\version-bin;C:\Program Files\Microsoft SQL Server\130\Tools\Binn\;C:\HashiCorp\Vagrant\bin;C:\ProgramData\chocolatey\bin;C:\Program Files\nodejs\;C:\Program Files\bin;C:\Program Files\MySQL\MySQL Shell 8.0\bin\;C:\Users\ARACELY\AppData\Local\Microsoft\WindowsApps;;C:\Users\ARACELY\AppData\Local\Programs\Microsoft VS Code\bin;C:\Program Files\JetBrains\IntelliJ IDEA Community Edition 2021.1\bin;;C:\Program Files\JetBrains\IntelliJ IDEA 2020.2.2\bin;;C:\Users\ARACELY\AppData\Roaming\npm
USERNAME=ARACELY
OS=Windows_NT
PROCESSOR_IDENTIFIER=Intel64 Family 6 Model 142 Stepping 9, GenuineIntel



---------------  S Y S T E M  ---------------

OS: Windows 10 , 64 bit Build 19041 (10.0.19041.1645)
OS uptime: 0 days 15:01 hours
HyperV virtualization detected

CPU:total 4 (initial active 4) (2 cores per cpu, 2 threads per core) family 6 model 142 stepping 9, cmov, cx8, fxsr, mmx, sse, sse2, sse3, ssse3, sse4.1, sse4.2, popcnt, avx, avx2, aes, clmul, erms, 3dnowpref, lzcnt, ht, tsc, tscinvbit, bmi1, bmi2, adx, fma

Memory: 4k page, system-wide physical 12174M (2231M free)
TotalPageFile size 16174M (AvailPageFile size 4M)
current process WorkingSet (physical memory assigned to process): 181M, peak: 181M
current process commit charge ("private bytes"): 306M, peak: 307M

vm_info: OpenJDK 64-Bit Server VM (11.0.8+10-LTS) for windows-amd64 JRE (Zulu11.41+23-CA) (11.0.8+10-LTS), built on Jul 10 2020 07:15:08 by "zulu_re" with MS VC++ 15.9 (VS2017)

END.
